#
# A fatal error has been detected by the Java Runtime Environment:
#
#  Internal Error (jvmciRuntime.cpp:1609), pid=28, tid=42
#  fatal error: Fatal exception in JVMCI: Error calling jdk.vm.ci.services.Services.serializeSavedProperties
#
# JRE version: OpenJDK Runtime Environment GraalVM CE 22.3.0 (17.0.5+8) (build 17.0.5+8-jvmci-22.3-b08)
# Java VM: OpenJDK 64-Bit Server VM GraalVM CE 22.3.0 (17.0.5+8-jvmci-22.3-b08, mixed mode, sharing, tiered, jvmci, jvmci compiler, compressed oops, compressed class ptrs, parallel gc, linux-amd64)
# Problematic frame:
# V  [libjvm.so+0x972714]  JVMCIRuntime::fatal_exception(JVMCIEnv*, char const*)+0x74
#
# Core dump will be written. Default location: Core dumps may be processed with "/usr/share/apport/apport -p%p -s%s -c%c -d%d -P%P -u%u -g%g -- %E" (or dumping to /home/runner/Java-1/core.28)
#
# If you would like to submit a bug report, please visit:
#   https://github.com/oracle/graal/issues
#

---------------  S U M M A R Y ------------

Command Line: -XX:ThreadPriorityPolicy=1 -XX:+UnlockExperimentalVMOptions -XX:+EnableJVMCIProduct -XX:JVMCIThreadsPerNativeLibraryRuntime=1 -XX:-UnlockExperimentalVMOptions -Declipse.application=org.eclipse.jdt.ls.core.id1 -Dosgi.bundles.defaultStartLevel=4 -Declipse.product=org.eclipse.jdt.ls.core.product -Dlog.level=ALL -Xverify:none -XX:+UseParallelGC -XX:GCTimeRatio=4 -XX:AdaptiveSizePolicyWeight=90 -Dsun.zip.disableMemoryMapping=true -Xmx512m -Xms100m /nix/store/m6gcpi1ii6rghy04cjwjddcavv7i90df-jdt-language-server-1.9.0/share/java/plugins/org.eclipse.equinox.launcher_1.6.400.v20210924-0641.jar --add-modules=ALL-SYSTEM --add-opens java.base/java.util=ALL-UNNAMED --add-opens java.base/java.lang=ALL-UNNAMED -configuration /home/runner/.cache/jdt-language-server/config -data /home/runner/.cache/jdt-language-server/data/home/runner/Java-1

Host: AMD EPYC 7B12, 8 cores, 1G, Ubuntu 20.04.2 LTS
Time: Tue Jun 27 13:40:20 2023 UTC elapsed time: 477.252477 seconds (0d 0h 7m 57s)

---------------  T H R E A D  ---------------

Current thread (0x00007fa54c0b21b0):  JavaThread "JVMCI-native CompilerThread0" daemon [_thread_in_vm, id=42, stack(0x00007fa530a1a000,0x00007fa530c1a000)]


Current CompileTask:
JVMCI-native: 477253 10384       4       jdk.internal.reflect.ClassFileAssembler::cpi (22 bytes)

Stack: [0x00007fa530a1a000,0x00007fa530c1a000],  sp=0x00007fa530c18380,  free space=2040k
Native frames: (J=compiled Java code, j=interpreted, Vv=VM code, C=native code)
V  [libjvm.so+0x972714]  JVMCIRuntime::fatal_exception(JVMCIEnv*, char const*)+0x74
V  [libjvm.so+0x93e2fe]  JVMCIEnv::copy_saved_properties()+0x14e
V  [libjvm.so+0x9732a9]  JVMCIRuntime::initialize(JVMCIEnv*)+0xb19
V  [libjvm.so+0x9738a2]  JVMCIRuntime::get_HotSpotJVMCIRuntime(JVMCIEnv*)+0x12
V  [libjvm.so+0x9749f2]  JVMCIRuntime::compile_method(JVMCIEnv*, JVMCICompiler*, methodHandle const&, int)+0xd2
V  [libjvm.so+0x5b0d20]  CompileBroker::invoke_compiler_on_method(CompileTask*)+0x1470
V  [libjvm.so+0x5b12e8]  CompileBroker::compiler_thread_loop()+0x528
V  [libjvm.so+0xd82460]  JavaThread::thread_main_inner()+0xd0
V  [libjvm.so+0xd85a40]  Thread::call_run()+0xc0
V  [libjvm.so+0xbdb1e1]  thread_native_entry(Thread*)+0xe1

Register to memory mapping:

RAX=0x00007fa5506d2000 points into unknown readable memory: 0x0000000000000058 | 58 00 00 00 00 00 00 00
RBX=0x00007fa5517cd398: <offset 0x0000000000ef5398> in /nix/store/gpxl5qgg8kicmcvivwmybwjlpf7wh20l-graalvm17-ce-22.3.0/lib/server/libjvm.so at 0x00007fa5508d8000
RCX=0x00007fa5517851e8: <offset 0x0000000000ead1e8> in /nix/store/gpxl5qgg8kicmcvivwmybwjlpf7wh20l-graalvm17-ce-22.3.0/lib/server/libjvm.so at 0x00007fa5508d8000
RDX=0x0000000000000649 is an unknown value
RSP=0x00007fa530c18380 is pointing into the stack for thread: 0x00007fa54c0b21b0
RBP=0x00007fa530c183a0 is pointing into the stack for thread: 0x00007fa54c0b21b0
RSI=0x00007fa5517cdc48: <offset 0x0000000000ef5c48> in /nix/store/gpxl5qgg8kicmcvivwmybwjlpf7wh20l-graalvm17-ce-22.3.0/lib/server/libjvm.so at 0x00007fa5508d8000
RDI=0x00000000e0000000 is an oop: java.lang.String 
{0x00000000e0000000} - klass: 'java/lang/String'
 - string: "resolution"
R8 =0x00007fa5517cd398: <offset 0x0000000000ef5398> in /nix/store/gpxl5qgg8kicmcvivwmybwjlpf7wh20l-graalvm17-ce-22.3.0/lib/server/libjvm.so at 0x00007fa5508d8000
R9 =0x00007fa530c18330 is pointing into the stack for thread: 0x00007fa54c0b21b0
R10=0x00007fa530c19948 is pointing into the stack for thread: 0x00007fa54c0b21b0
R11=0x0000000000000293 is an unknown value
R12=0x0 is NULL
R13=0x00007fa54c0b21b0 is a thread
R14=0x00007fa54c000b80 points into unknown readable memory: 0x00007fa5519fea38 | 38 ea 9f 51 a5 7f 00 00
R15=0x00007fa551b0ce40: <offset 0x0000000001234e40> in /nix/store/gpxl5qgg8kicmcvivwmybwjlpf7wh20l-graalvm17-ce-22.3.0/lib/server/libjvm.so at 0x00007fa5508d8000


Registers:
RAX=0x00007fa5506d2000, RBX=0x00007fa5517cd398, RCX=0x00007fa5517851e8, RDX=0x0000000000000649
RSP=0x00007fa530c18380, RBP=0x00007fa530c183a0, RSI=0x00007fa5517cdc48, RDI=0x00000000e0000000
R8 =0x00007fa5517cd398, R9 =0x00007fa530c18330, R10=0x00007fa530c19948, R11=0x0000000000000293
R12=0x0000000000000000, R13=0x00007fa54c0b21b0, R14=0x00007fa54c000b80, R15=0x00007fa551b0ce40
RIP=0x00007fa55124a714, EFLAGS=0x0000000000010206, CSGSFS=0x002b000000000033, ERR=0x0000000000000006
  TRAPNO=0x000000000000000e

Top of Stack: (sp=0x00007fa530c18380)
0x00007fa530c18380:   00007fa530c18940 00007fa54c0b21b0
0x00007fa530c18390:   00007fa5500638c8 0000000800c40fc0
0x00007fa530c183a0:   00007fa530c18500 00007fa5512162fe
0x00007fa530c183b0:   00007fa530c183e0 00007fa530c18440 

Instructions: (pc=0x00007fa55124a714)
0x00007fa55124a614:   30 e8 f6 cf e8 ff 4c 89 e7 e8 2e 48 d1 ff 84 db
0x00007fa55124a624:   75 2a 4d 85 ed 74 04 4d 8b 6d 00 48 83 c4 08 44
0x00007fa55124a634:   89 f9 4c 89 f2 4c 89 ee 5b 4c 89 e7 41 5c 41 5d
0x00007fa55124a644:   41 5e 41 5f 5d e9 e2 47 d1 ff 66 90 48 83 c4 08
0x00007fa55124a654:   5b 41 5c 41 5d 41 5e 41 5f 5d c3 90 31 d2 be 08
0x00007fa55124a664:   00 00 00 4c 89 ff e8 b1 78 a3 ff 49 89 c5 e9 37
0x00007fa55124a674:   ff ff ff 66 0f 1f 84 00 00 00 00 00 48 8b 7a 08
0x00007fa55124a684:   e9 6d ff ff ff 0f 1f 80 00 00 00 00 e8 5b 48 0a
0x00007fa55124a694:   00 84 c0 75 89 e9 6a ff ff ff 66 90 55 48 89 e5
0x00007fa55124a6a4:   41 56 41 55 41 54 49 89 fc 53 48 89 f3 66 48 8d
0x00007fa55124a6b4:   3d 27 5e 85 00 66 66 48 e8 df 43 8d ff 4c 8b 28
0x00007fa55124a6c4:   8b 05 be 72 8a 00 85 c0 75 14 ba 01 00 00 00 48
0x00007fa55124a6d4:   8d 0d ae 72 8a 00 f0 0f b1 11 85 c0 74 4e be c8
0x00007fa55124a6e4:   00 00 00 4c 89 ef e8 01 0b 41 00 48 8d 05 12 ac
0x00007fa55124a6f4:   85 00 49 89 d8 48 8d 0d e8 aa 53 00 ba 49 06 00
0x00007fa55124a704:   00 48 8d 35 3c 35 58 00 bf 00 00 00 e0 48 8b 00
0x00007fa55124a714:   c6 00 58 31 c0 e8 e2 91 c6 ff 5b 41 5c 41 5d 41
0x00007fa55124a724:   5e 5d e9 55 34 26 00 0f 1f 44 00 00 48 8d 05 81
0x00007fa55124a734:   a3 8b 00 48 89 df 4c 8b 30 e8 9e 43 8d ff 48 89
0x00007fa55124a744:   de 48 89 c2 49 8b 06 4c 89 f7 ff 50 08 4c 89 f7
0x00007fa55124a754:   e8 a7 5c 27 00 4d 85 e4 74 12 be 01 00 00 00 4c
0x00007fa55124a764:   89 e7 e8 35 43 fc ff eb 82 0f 1f 00 be 01 00 00
0x00007fa55124a774:   00 4c 89 ef e8 d3 fd ff ff e9 6d ff ff ff 66 66
0x00007fa55124a784:   2e 0f 1f 84 00 00 00 00 00 0f 1f 00 55 48 89 e5
0x00007fa55124a794:   41 57 41 56 41 55 41 54 53 48 81 ec 08 02 00 00
0x00007fa55124a7a4:   64 48 8b 04 25 28 00 00 00 48 89 45 c8 8b 07 83
0x00007fa55124a7b4:   f8 02 0f 84 11 04 00 00 4c 8b 6f 18 49 89 ff 49
0x00007fa55124a7c4:   89 f4 4d 85 ed 74 14 4c 89 ef e8 5d 57 22 00 41
0x00007fa55124a7d4:   8b 07 83 f8 02 0f 84 19 04 00 00 48 8d 1d 9a 06
0x00007fa55124a7e4:   8a 00 4c 8d 35 0b 3c 58 00 eb 38 90 48 85 d2 7f
0x00007fa55124a7f4:   0d 48 8d 05 b4 c0 85 00 48 83 38 00 7e 0e 41 8b
0x00007fa55124a804:   77 2c 4c 89 f7 31 c0 e8 a0 b2 f7 ff 49 8b 7f 18 


Stack slot to memory mapping:
stack at sp + 0 slots: 0x00007fa530c18940 is pointing into the stack for thread: 0x00007fa54c0b21b0
stack at sp + 1 slots: 0x00007fa54c0b21b0 is a thread
stack at sp + 2 slots: 0x00007fa5500638c8 points into unknown readable memory: 0x65730018e552ffff | ff ff 52 e5 18 00 73 65
stack at sp + 3 slots: 0x0000000800c40fc0 is a pointer to class: 
jdk.vm.ci.services.Services {0x0000000800c40fc0}
 - instance size:     2
 - klass size:        65
 - access:            public final synchronized 
 - state:             fully_initialized
 - name:              'jdk/vm/ci/services/Services'
 - super:             'java/lang/Object'
 - sub:               
 - arrays:            NULL
 - methods:           Array<T>(0x00007fa53143ed18)
 - method ordering:   Array<T>(0x0000000800928960)
 - default_methods:   Array<T>(0x0000000000000000)
 - local interfaces:  Array<T>(0x00000008005ce810)
 - trans. interfaces: Array<T>(0x00000008005ce810)
 - constants:         constant pool [427] {0x00007fa53143ddf8} for 'jdk/vm/ci/services/Services' cache=0x00007fa53143ffe8
 - class loader data:  loader data: 0x00007fa54c0283d0 of 'bootstrap'
 - source file:       'Services.java'
 - class annotations:       Array<T>(0x0000000000000000)
 - class type annotations:  Array<T>(0x0000000000000000)
 - field annotations:       Array<T>(0x0000000000000000)
 - field type annotations:  Array<T>(0x0000000000000000)
 - inner classes:     Array<T>(0x00007fa53143ffb8)
 - nest members:     Array<T>(0x00007fa53143ffd8)
 - permitted subclasses:     Array<T>(0x00000008005ce7a0)
 - java mirror:       a 'java/lang/Class'{0x00000000e014a4f0} = 'jdk/vm/ci/services/Services'
 - vtable length      5  (start addr: 0x0000000800c41190)
 - itable length      2 (start addr: 0x0000000800c411b8)
 - ---- static fields (3 words):
 - public static final 'IS_BUILDING_NATIVE_IMAGE' 'Z' @128 
 - public static final 'IS_IN_NATIVE_IMAGE' 'Z' @129 
 - private static volatile 'savedProperties' 'Ljava/util/Map;' @112 
 - static final 'JVMCI_ENABLED' 'Z' @130 
 - private static final 'servicesCache' 'Ljava/util/Map;' @116 
 - private static final 'MAX_UNICODE_IN_UTF8_LENGTH' 'I' @120 
 - private static final 'MAX_UTF8_PROPERTY_STRING_LENGTH' 'I' @124 
 - ---- non-static fields (0 words):
 - non-static oop maps: 
stack at sp + 4 slots: 0x00007fa530c18500 is pointing into the stack for thread: 0x00007fa54c0b21b0
stack at sp + 5 slots: 0x00007fa5512162fe: <offset 0x000000000093e2fe> in /nix/store/gpxl5qgg8kicmcvivwmybwjlpf7wh20l-graalvm17-ce-22.3.0/lib/server/libjvm.so at 0x00007fa5508d8000
stack at sp + 6 slots: 0x00007fa530c183e0 is pointing into the stack for thread: 0x00007fa54c0b21b0
stack at sp + 7 slots: 0x00007fa530c18440 is pointing into the stack for thread: 0x00007fa54c0b21b0


---------------  P R O C E S S  ---------------

Threads class SMR info:
_java_thread_list=0x00007fa494000b70, length=26, elements={
0x00007fa54c026670, 0x00007fa54c0a64b0, 0x00007fa54c0a78f0, 0x00007fa54c0ae020,
0x00007fa54c0af3d0, 0x00007fa54c0b07c0, 0x00007fa54c0b21b0, 0x00007fa54c0b36c0,
0x00007fa54c0b4b10, 0x00007fa54c0d7960, 0x00007fa54c1204b0, 0x00007fa54c3340c0,
0x00007fa54c3678f0, 0x00007fa54c3697a0, 0x00007fa54c34e570, 0x00007fa4e0016dc0,
0x00007fa4e02a21f0, 0x00007fa4e0304440, 0x00007fa4e0494680, 0x00007fa54c3b76a0,
0x00007fa54c39fe30, 0x00007fa4ac000ff0, 0x00007fa4c40d6db0, 0x00007fa4b03f28e0,
0x00007fa4bc0486e0, 0x00007fa4d4005ec0
}

Java Threads: ( => current thread )
  0x00007fa54c026670 JavaThread "main" [_thread_blocked, id=34, stack(0x00007fa5506f3000,0x00007fa5507f3000)]
  0x00007fa54c0a64b0 JavaThread "Reference Handler" daemon [_thread_blocked, id=37, stack(0x00007fa531300000,0x00007fa531400000)]
  0x00007fa54c0a78f0 JavaThread "Finalizer" daemon [_thread_blocked, id=38, stack(0x00007fa531200000,0x00007fa531300000)]
  0x00007fa54c0ae020 JavaThread "Signal Dispatcher" daemon [_thread_blocked, id=39, stack(0x00007fa530e1a000,0x00007fa530f1a000)]
  0x00007fa54c0af3d0 JavaThread "Service Thread" daemon [_thread_blocked, id=40, stack(0x00007fa530d1a000,0x00007fa530e1a000)]
  0x00007fa54c0b07c0 JavaThread "Monitor Deflation Thread" daemon [_thread_blocked, id=41, stack(0x00007fa530c1a000,0x00007fa530d1a000)]
=>0x00007fa54c0b21b0 JavaThread "JVMCI-native CompilerThread0" daemon [_thread_in_vm, id=42, stack(0x00007fa530a1a000,0x00007fa530c1a000)]
  0x00007fa54c0b36c0 JavaThread "C1 CompilerThread0" daemon [_thread_blocked, id=43, stack(0x00007fa53081a000,0x00007fa530a1a000)]
  0x00007fa54c0b4b10 JavaThread "Sweeper thread" daemon [_thread_blocked, id=44, stack(0x00007fa53071a000,0x00007fa53081a000)]
  0x00007fa54c0d7960 JavaThread "Common-Cleaner" daemon [_thread_blocked, id=45, stack(0x00007fa53061a000,0x00007fa53071a000)]
  0x00007fa54c1204b0 JavaThread "Notification Thread" daemon [_thread_blocked, id=46, stack(0x00007fa53051a000,0x00007fa53061a000)]
  0x00007fa54c3340c0 JavaThread "Active Thread: Equinox Container: 4cc8f48c-2f38-489e-9ed0-06de0d7ecc6f" [_thread_blocked, id=54, stack(0x00007fa530200000,0x00007fa530300000)]
  0x00007fa54c3678f0 JavaThread "Framework Event Dispatcher: Equinox Container: 4cc8f48c-2f38-489e-9ed0-06de0d7ecc6f" daemon [_thread_blocked, id=62, stack(0x00007fa530000000,0x00007fa530100000)]
  0x00007fa54c3697a0 JavaThread "Start Level: Equinox Container: 4cc8f48c-2f38-489e-9ed0-06de0d7ecc6f" daemon [_thread_blocked, id=63, stack(0x00007fa4f8900000,0x00007fa4f8a00000)]
  0x00007fa54c34e570 JavaThread "Refresh Thread: Equinox Container: 4cc8f48c-2f38-489e-9ed0-06de0d7ecc6f" daemon [_thread_blocked, id=66, stack(0x00007fa4f8700000,0x00007fa4f8800000)]
  0x00007fa4e0016dc0 JavaThread "SCR Component Actor" daemon [_thread_blocked, id=69, stack(0x00007fa530100000,0x00007fa530200000)]
  0x00007fa4e02a21f0 JavaThread "Worker-JM" [_thread_blocked, id=92, stack(0x00007fa4f8300000,0x00007fa4f8400000)]
  0x00007fa4e0304440 JavaThread "Worker-0: Java indexing... " [_thread_blocked, id=93, stack(0x00007fa4f8100000,0x00007fa4f8200000)]
  0x00007fa4e0494680 JavaThread "Bundle File Closer" daemon [_thread_blocked, id=106, stack(0x00007fa4f7900000,0x00007fa4f7a00000)]
  0x00007fa54c3b76a0 JavaThread "pool-3-thread-1" [_thread_blocked, id=118, stack(0x00007fa4f7700000,0x00007fa4f7800000)]
  0x00007fa54c39fe30 JavaThread "pool-2-thread-1" [_thread_blocked, id=122, stack(0x00007fa4f7a00000,0x00007fa4f7b00000)]
  0x00007fa4ac000ff0 JavaThread "Worker-4" [_thread_blocked, id=129, stack(0x00007fa4f7300000,0x00007fa4f7400000)]
  0x00007fa4c40d6db0 JavaThread "Worker-5: Periodic workspace save." [_thread_blocked, id=156, stack(0x00007fa4f8500000,0x00007fa4f8600000)]
  0x00007fa4b03f28e0 JavaThread "Okio Watchdog" daemon [_thread_blocked, id=196, stack(0x00007fa4f7100000,0x00007fa4f7200000)]
  0x00007fa4bc0486e0 JavaThread "Java indexing" daemon [_thread_blocked, id=438, stack(0x00007fa4f7400000,0x00007fa4f7500000)]
  0x00007fa4d4005ec0 JavaThread "Worker-7" [_thread_blocked, id=1058, stack(0x00007fa4f8000000,0x00007fa4f8100000)]

Other Threads:
  0x00007fa54c0a1bf0 VMThread "VM Thread" [stack: 0x00007fa531c5c000,0x00007fa531d5c000] [id=36] _threads_hazard_ptr=0x00007fa494000b70
  0x00007fa54c121e50 WatcherThread [stack: 0x00007fa53041a000,0x00007fa53051a000] [id=47]
  0x00007fa54c03df10 GCTaskThread "GC Thread#0" [stack: 0x00007fa5502b6000,0x00007fa5503b6000] [id=35]

Threads with active compile tasks:
JVMCI-native CompilerThread0   477290 10384       4       jdk.internal.reflect.ClassFileAssembler::cpi (22 bytes)
C1 CompilerThread0   477290 10386       3       java.util.Locale::getUnicodeLocaleType (55 bytes)

VM state: synchronizing (normal execution)

VM Mutex/Monitor currently owned by a thread:  ([mutex/lock_event])
[0x00007fa54c023820] Threads_lock - owner thread: 0x00007fa54c0a1bf0
[0x00007fa54c023fd0] Heap_lock - owner thread: 0x00007fa4bc0486e0

OutOfMemory and StackOverflow Exception counts:
OutOfMemoryError java_heap_errors=3
LinkageErrors=66

Heap address: 0x00000000e0000000, size: 512 MB, Compressed Oops mode: 32-bit

CDS archive(s) mapped at: [0x0000000800000000-0x0000000800bc8000-0x0000000800bc8000), size 12353536, SharedBaseAddress: 0x0000000800000000, ArchiveRelocationMode: 0.
Compressed class space mapped at: 0x0000000800c00000-0x0000000840c00000, reserved size: 1073741824
Narrow klass base: 0x0000000800000000, Narrow klass shift: 0, Narrow klass range: 0x100000000

GC Precious Log:
 CPUs: 8 total, 1 available
 Memory: 1024M
 Large Page Support: Disabled
 NUMA Support: Disabled
 Compressed Oops: Enabled (32-bit)
 Alignments: Space 512K, Generation 512K, Heap 2M
 Heap Min Capacity: 100M
 Heap Initial Capacity: 100M
 Heap Max Capacity: 512M
 Pre-touch: Disabled
 Parallel Workers: 1

Heap:
 PSYoungGen      total 29184K, used 9727K [0x00000000f5580000, 0x00000000f8580000, 0x0000000100000000)
  eden space 9728K, 99% used [0x00000000f5580000,0x00000000f5effff8,0x00000000f5f00000)
  from space 19456K, 0% used [0x00000000f5f00000,0x00000000f5f00000,0x00000000f7200000)
  to   space 19456K, 0% used [0x00000000f7200000,0x00000000f7200000,0x00000000f8500000)
 ParOldGen       total 349696K, used 349695K [0x00000000e0000000, 0x00000000f5580000, 0x00000000f5580000)
  object space 349696K, 99% used [0x00000000e0000000,0x00000000f557fff0,0x00000000f5580000)
 Metaspace       used 64719K, committed 65728K, reserved 1114112K
  class space    used 6400K, committed 6848K, reserved 1048576K

Card table byte_map: [0x00007fa5503b6000,0x00007fa5504b7000] _byte_map_base: 0x00007fa54fcb6000

Marking Bits: (ParMarkBitMap*) 0x00007fa551b064c0
 Begin Bits: [0x00007fa5324b3000, 0x00007fa532cb3000)
 End Bits:   [0x00007fa532cb3000, 0x00007fa5334b3000)

Polling page: 0x00007fa5506d0000

Metaspace:

Usage:
  Non-class:     56.95 MB used.
      Class:      6.25 MB used.
       Both:     63.20 MB used.

Virtual space:
  Non-class space:       64.00 MB reserved,      57.50 MB ( 90%) committed,  8 nodes.
      Class space:        1.00 GB reserved,       6.69 MB ( <1%) committed,  1 nodes.
             Both:        1.06 GB reserved,      64.19 MB (  6%) committed. 

Chunk freelists:
   Non-Class:  1.98 MB
       Class:  1.37 MB
        Both:  3.36 MB

MaxMetaspaceSize: unlimited
CompressedClassSpaceSize: 1.00 GB
Initial GC threshold: 21.00 MB
Current GC threshold: 107.00 MB
CDS: on
MetaspaceReclaimPolicy: balanced
 - commit_granule_bytes: 65536.
 - commit_granule_words: 8192.
 - virtual_space_node_default_size: 1048576.
 - enlarge_chunks_in_place: 1.
 - new_chunks_are_fully_committed: 0.
 - uncommit_free_chunks: 1.
 - use_allocation_guard: 0.
 - handle_deallocations: 1.


Internal statistics:

num_allocs_failed_limit: 6.
num_arena_births: 522.
num_arena_deaths: 156.
num_vsnodes_births: 9.
num_vsnodes_deaths: 0.
num_space_committed: 1024.
num_space_uncommitted: 0.
num_chunks_returned_to_freelist: 220.
num_chunks_taken_from_freelist: 3114.
num_chunk_merges: 81.
num_chunk_splits: 1969.
num_chunks_enlarged: 1250.
num_purges: 6.
num_inconsistent_stats: 0.

CodeHeap 'non-profiled nmethods': size=120036Kb used=3153Kb max_used=3213Kb free=116882Kb
 bounds [0x00007fa53af7a000, 0x00007fa53b2aa000, 0x00007fa5424b3000]
CodeHeap 'profiled nmethods': size=120032Kb used=15008Kb max_used=17169Kb free=105023Kb
 bounds [0x00007fa533a42000, 0x00007fa534b12000, 0x00007fa53af7a000]
CodeHeap 'non-nmethods': size=5692Kb used=1420Kb max_used=1430Kb free=4271Kb
 bounds [0x00007fa5334b3000, 0x00007fa533723000, 0x00007fa533a42000]
 total_blobs=8268 nmethods=7500 adapters=638
 compilation: enabled
              stopped_count=0, restarted_count=0
 full_count=0

JVMCI Events (20 events):
Event: 201.498 Thread 0x00007fa54c0b21b0 compacted oop handles in JVMCI runtime 0 from 80 to 77
Event: 251.293 Thread 0x00007fa54c0b21b0 compacted oop handles in JVMCI runtime 0 from 79 to 50
Event: 271.203 Thread 0x00007fa54c0b21b0 compacted oop handles in JVMCI runtime 0 from 57 to 54
Event: 318.184 Thread 0x00007fa54c0b21b0 compacted oop handles in JVMCI runtime 0 from 140 to 133
Event: 318.184 Thread 0x00007fa54c0b21b0 compacted oop handles in JVMCI runtime 0 from 134 to 88
Event: 357.356 Thread 0x00007fa54c0b21b0 compacted oop handles in JVMCI runtime 0 from 112 to 109
Event: 410.758 Thread 0x00007fa54c0b21b0 compacted oop handles in JVMCI runtime 0 from 126 to 120
Event: 410.759 Thread 0x00007fa54c0b21b0 compacted oop handles in JVMCI runtime 0 from 121 to 95
Event: 427.691 Thread 0x00007fa54c0b21b0 detaching from JVMCI runtime 0: releasing idle compiler thread (0 other threads still attached)
Event: 427.691 Thread 0x00007fa54c0b21b0 shutting down HotSpotJVMCIRuntime for JVMCI runtime 0
Event: 427.691 Thread 0x00007fa54c0b21b0 compacted oop handles in JVMCI runtime 0 from 107 to 69
Event: 427.691 Thread 0x00007fa54c0b21b0 shut down JVMCI runtime 0
Event: 428.576 Thread 0x00007fa54c0b21b0 destroyed JavaVM[5]@0x00007fa4f6b9e340 for JVMCI runtime 0
Event: 428.576 Thread 0x00007fa54c0b21b0 compacted oop handles in JVMCI runtime 0 from 69 to 69
Event: 428.576 Thread 0x00007fa54c0b21b0 releasing handles for JVMCI runtime 0: oop handles=69, metadata handles={total=503, live=485, blocks=36}
Event: 428.576 Thread 0x00007fa54c0b21b0 detached from JVMCI runtime 0
Event: 453.956 Thread 0x00007fa54c0b21b0 attached to JVMCI runtime 0
Event: 453.957 Thread 0x00007fa54c0b21b0 created JavaVM[6]@0x00007fa4f6b9e340 for JVMCI runtime 0
Event: 454.780 Thread 0x00007fa54c0b21b0 initializing JVMCI runtime 0
Event: 454.780 Thread 0x00007fa54c0b21b0 done waiting for JavaVM references initialization in JVMCI runtime 0

Compilation events (20 events):
Event: 362.561 Thread 0x00007fa54c0b36c0 nmethod 10376 0x00007fa533d2b790 code [0x00007fa533d2b920, 0x00007fa533d2ba70]
Event: 365.663 Thread 0x00007fa54c0b21b0 nmethod 10313 0x00007fa53b0c8490 code [0x00007fa53b0c8620, 0x00007fa53b0c8b48]
Event: 365.663 Thread 0x00007fa54c0b21b0 10363       4       org.eclipse.jdt.internal.core.index.DiskIndex::writeAllDocumentNames (512 bytes)
Event: 367.886 Thread 0x00007fa54c0b36c0 10377       3       org.eclipse.core.runtime.SubMonitor::convert (83 bytes)
Event: 367.887 Thread 0x00007fa54c0b36c0 nmethod 10377 0x00007fa53485ef10 code [0x00007fa53485f1a0, 0x00007fa534860570]
Event: 369.576 Thread 0x00007fa54c0b36c0 10378       3       org.eclipse.core.runtime.SubMonitor$RootInfo::worked (11 bytes)
Event: 371.189 Thread 0x00007fa54c0b36c0 nmethod 10378 0x00007fa533a94110 code [0x00007fa533a942c0, 0x00007fa533a945e0]
Event: 371.189 Thread 0x00007fa54c0b36c0 10379       3       org.eclipse.core.internal.preferences.ImmutableMap$ArrayMap::shareStrings (87 bytes)
Event: 371.189 Thread 0x00007fa54c0b36c0 nmethod 10379 0x00007fa533dfcb90 code [0x00007fa533dfcda0, 0x00007fa533dfd7b0]
Event: 407.977 Thread 0x00007fa54c0b36c0 10381       3       org.eclipse.core.internal.preferences.EclipsePreferences::getChildren (76 bytes)
Event: 408.953 Thread 0x00007fa54c0b36c0 nmethod 10381 0x00007fa5343ef190 code [0x00007fa5343ef3e0, 0x00007fa5343f07b0]
Event: 408.953 Thread 0x00007fa54c0b36c0 10382   !   3       org.eclipse.core.internal.preferences.EclipsePreferences::shareStrings (79 bytes)
Event: 408.954 Thread 0x00007fa54c0b36c0 nmethod 10382 0x00007fa533c8b390 code [0x00007fa533c8b580, 0x00007fa533c8c3c0]
Event: 410.758 Thread 0x00007fa54c0b21b0 nmethod 10363 0x00007fa53b2a1090 code [0x00007fa53b2a1340, 0x00007fa53b2a3558]
Event: 410.759 Thread 0x00007fa54c0b21b0 10380       4       org.eclipse.core.internal.preferences.StringPool::add (59 bytes)
Event: 423.462 Thread 0x00007fa54c0b36c0 10383   !   3       jdk.internal.loader.BuiltinClassLoader::findMiscResource (122 bytes)
Event: 426.087 Thread 0x00007fa54c0b21b0 nmethod 10380 0x00007fa53b125f10 code [0x00007fa53b1260e0, 0x00007fa53b1263b0]
Event: 426.955 Thread 0x00007fa54c0b36c0 nmethod 10383 0x00007fa53449ed90 code [0x00007fa53449f040, 0x00007fa5344a0a80]
Event: 453.956 Thread 0x00007fa54c0b21b0 10384       4       jdk.internal.reflect.ClassFileAssembler::cpi (22 bytes)
Event: 470.474 Thread 0x00007fa54c0b36c0 10386       3       java.util.Locale::getUnicodeLocaleType (55 bytes)

GC Heap History (20 events):
Event: 468.689 GC heap before
{Heap before GC invocations=631 (full 448):
 PSYoungGen      total 29184K, used 9728K [0x00000000f5580000, 0x00000000f8580000, 0x0000000100000000)
  eden space 9728K, 100% used [0x00000000f5580000,0x00000000f5f00000,0x00000000f5f00000)
  from space 19456K, 0% used [0x00000000f5f00000,0x00000000f5f00000,0x00000000f7200000)
  to   space 19456K, 0% used [0x00000000f7200000,0x00000000f7200000,0x00000000f8500000)
 ParOldGen       total 349696K, used 349668K [0x00000000e0000000, 0x00000000f5580000, 0x00000000f5580000)
  object space 349696K, 99% used [0x00000000e0000000,0x00000000f5579238,0x00000000f5580000)
 Metaspace       used 64717K, committed 65728K, reserved 1114112K
  class space    used 6400K, committed 6848K, reserved 1048576K
}
Event: 469.500 GC heap after
{Heap after GC invocations=631 (full 448):
 PSYoungGen      total 29184K, used 9727K [0x00000000f5580000, 0x00000000f8580000, 0x0000000100000000)
  eden space 9728K, 99% used [0x00000000f5580000,0x00000000f5efffb8,0x00000000f5f00000)
  from space 19456K, 0% used [0x00000000f7200000,0x00000000f7200000,0x00000000f8500000)
  to   space 19456K, 0% used [0x00000000f5f00000,0x00000000f5f00000,0x00000000f7200000)
 ParOldGen       total 349696K, used 349668K [0x00000000e0000000, 0x00000000f5580000, 0x00000000f5580000)
  object space 349696K, 99% used [0x00000000e0000000,0x00000000f5579238,0x00000000f5580000)
 Metaspace       used 64717K, committed 65728K, reserved 1114112K
  class space    used 6400K, committed 6848K, reserved 1048576K
}
Event: 469.500 GC heap before
{Heap before GC invocations=632 (full 449):
 PSYoungGen      total 29184K, used 9727K [0x00000000f5580000, 0x00000000f8580000, 0x0000000100000000)
  eden space 9728K, 99% used [0x00000000f5580000,0x00000000f5efffd8,0x00000000f5f00000)
  from space 19456K, 0% used [0x00000000f7200000,0x00000000f7200000,0x00000000f8500000)
  to   space 19456K, 0% used [0x00000000f5f00000,0x00000000f5f00000,0x00000000f7200000)
 ParOldGen       total 349696K, used 349668K [0x00000000e0000000, 0x00000000f5580000, 0x00000000f5580000)
  object space 349696K, 99% used [0x00000000e0000000,0x00000000f5579238,0x00000000f5580000)
 Metaspace       used 64717K, committed 65728K, reserved 1114112K
  class space    used 6400K, committed 6848K, reserved 1048576K
}
Event: 470.473 GC heap after
{Heap after GC invocations=632 (full 449):
 PSYoungGen      total 29184K, used 9727K [0x00000000f5580000, 0x00000000f8580000, 0x0000000100000000)
  eden space 9728K, 99% used [0x00000000f5580000,0x00000000f5efffd8,0x00000000f5f00000)
  from space 19456K, 0% used [0x00000000f5f00000,0x00000000f5f00000,0x00000000f7200000)
  to   space 19456K, 0% used [0x00000000f7200000,0x00000000f7200000,0x00000000f8500000)
 ParOldGen       total 349696K, used 349668K [0x00000000e0000000, 0x00000000f5580000, 0x00000000f5580000)
  object space 349696K, 99% used [0x00000000e0000000,0x00000000f5579238,0x00000000f5580000)
 Metaspace       used 64717K, committed 65728K, reserved 1114112K
  class space    used 6400K, committed 6848K, reserved 1048576K
}
Event: 470.474 GC heap before
{Heap before GC invocations=633 (full 450):
 PSYoungGen      total 29184K, used 9727K [0x00000000f5580000, 0x00000000f8580000, 0x0000000100000000)
  eden space 9728K, 99% used [0x00000000f5580000,0x00000000f5effff8,0x00000000f5f00000)
  from space 19456K, 0% used [0x00000000f5f00000,0x00000000f5f00000,0x00000000f7200000)
  to   space 19456K, 0% used [0x00000000f7200000,0x00000000f7200000,0x00000000f8500000)
 ParOldGen       total 349696K, used 349694K [0x00000000e0000000, 0x00000000f5580000, 0x00000000f5580000)
  object space 349696K, 99% used [0x00000000e0000000,0x00000000f557fba0,0x00000000f5580000)
 Metaspace       used 64717K, committed 65728K, reserved 1114112K
  class space    used 6400K, committed 6848K, reserved 1048576K
}
Event: 471.279 GC heap after
{Heap after GC invocations=633 (full 450):
 PSYoungGen      total 29184K, used 9727K [0x00000000f5580000, 0x00000000f8580000, 0x0000000100000000)
  eden space 9728K, 99% used [0x00000000f5580000,0x00000000f5effee8,0x00000000f5f00000)
  from space 19456K, 0% used [0x00000000f7200000,0x00000000f7200000,0x00000000f8500000)
  to   space 19456K, 0% used [0x00000000f5f00000,0x00000000f5f00000,0x00000000f7200000)
 ParOldGen       total 349696K, used 349694K [0x00000000e0000000, 0x00000000f5580000, 0x00000000f5580000)
  object space 349696K, 99% used [0x00000000e0000000,0x00000000f557fad8,0x00000000f5580000)
 Metaspace       used 64717K, committed 65728K, reserved 1114112K
  class space    used 6400K, committed 6848K, reserved 1048576K
}
Event: 471.280 GC heap before
{Heap before GC invocations=634 (full 451):
 PSYoungGen      total 29184K, used 9728K [0x00000000f5580000, 0x00000000f8580000, 0x0000000100000000)
  eden space 9728K, 100% used [0x00000000f5580000,0x00000000f5f00000,0x00000000f5f00000)
  from space 19456K, 0% used [0x00000000f7200000,0x00000000f7200000,0x00000000f8500000)
  to   space 19456K, 0% used [0x00000000f5f00000,0x00000000f5f00000,0x00000000f7200000)
 ParOldGen       total 349696K, used 349694K [0x00000000e0000000, 0x00000000f5580000, 0x00000000f5580000)
  object space 349696K, 99% used [0x00000000e0000000,0x00000000f557fad8,0x00000000f5580000)
 Metaspace       used 64719K, committed 65728K, reserved 1114112K
  class space    used 6400K, committed 6848K, reserved 1048576K
}
Event: 472.058 GC heap after
{Heap after GC invocations=634 (full 451):
 PSYoungGen      total 29184K, used 9727K [0x00000000f5580000, 0x00000000f8580000, 0x0000000100000000)
  eden space 9728K, 99% used [0x00000000f5580000,0x00000000f5efffd0,0x00000000f5f00000)
  from space 19456K, 0% used [0x00000000f5f00000,0x00000000f5f00000,0x00000000f7200000)
  to   space 19456K, 0% used [0x00000000f7200000,0x00000000f7200000,0x00000000f8500000)
 ParOldGen       total 349696K, used 349694K [0x00000000e0000000, 0x00000000f5580000, 0x00000000f5580000)
  object space 349696K, 99% used [0x00000000e0000000,0x00000000f557fad8,0x00000000f5580000)
 Metaspace       used 64719K, committed 65728K, reserved 1114112K
  class space    used 6400K, committed 6848K, reserved 1048576K
}
Event: 472.058 GC heap before
{Heap before GC invocations=635 (full 452):
 PSYoungGen      total 29184K, used 9727K [0x00000000f5580000, 0x00000000f8580000, 0x0000000100000000)
  eden space 9728K, 99% used [0x00000000f5580000,0x00000000f5effff0,0x00000000f5f00000)
  from space 19456K, 0% used [0x00000000f5f00000,0x00000000f5f00000,0x00000000f7200000)
  to   space 19456K, 0% used [0x00000000f7200000,0x00000000f7200000,0x00000000f8500000)
 ParOldGen       total 349696K, used 349694K [0x00000000e0000000, 0x00000000f5580000, 0x00000000f5580000)
  object space 349696K, 99% used [0x00000000e0000000,0x00000000f557fad8,0x00000000f5580000)
 Metaspace       used 64719K, committed 65728K, reserved 1114112K
  class space    used 6400K, committed 6848K, reserved 1048576K
}
Event: 473.002 GC heap after
{Heap after GC invocations=635 (full 452):
 PSYoungGen      total 29184K, used 9727K [0x00000000f5580000, 0x00000000f8580000, 0x0000000100000000)
  eden space 9728K, 99% used [0x00000000f5580000,0x00000000f5effff0,0x00000000f5f00000)
  from space 19456K, 0% used [0x00000000f7200000,0x00000000f7200000,0x00000000f8500000)
  to   space 19456K, 0% used [0x00000000f5f00000,0x00000000f5f00000,0x00000000f7200000)
 ParOldGen       total 349696K, used 349694K [0x00000000e0000000, 0x00000000f5580000, 0x00000000f5580000)
  object space 349696K, 99% used [0x00000000e0000000,0x00000000f557fad8,0x00000000f5580000)
 Metaspace       used 64719K, committed 65728K, reserved 1114112K
  class space    used 6400K, committed 6848K, reserved 1048576K
}
Event: 473.050 GC heap before
{Heap before GC invocations=636 (full 453):
 PSYoungGen      total 29184K, used 9728K [0x00000000f5580000, 0x00000000f8580000, 0x0000000100000000)
  eden space 9728K, 100% used [0x00000000f5580000,0x00000000f5f00000,0x00000000f5f00000)
  from space 19456K, 0% used [0x00000000f7200000,0x00000000f7200000,0x00000000f8500000)
  to   space 19456K, 0% used [0x00000000f5f00000,0x00000000f5f00000,0x00000000f7200000)
 ParOldGen       total 349696K, used 349695K [0x00000000e0000000, 0x00000000f5580000, 0x00000000f5580000)
  object space 349696K, 99% used [0x00000000e0000000,0x00000000f557fff8,0x00000000f5580000)
 Metaspace       used 64719K, committed 65728K, reserved 1114112K
  class space    used 6400K, committed 6848K, reserved 1048576K
}
Event: 473.795 GC heap after
{Heap after GC invocations=636 (full 453):
 PSYoungGen      total 29184K, used 9727K [0x00000000f5580000, 0x00000000f8580000, 0x0000000100000000)
  eden space 9728K, 99% used [0x00000000f5580000,0x00000000f5efff28,0x00000000f5f00000)
  from space 19456K, 0% used [0x00000000f5f00000,0x00000000f5f00000,0x00000000f7200000)
  to   space 19456K, 0% used [0x00000000f7200000,0x00000000f7200000,0x00000000f8500000)
 ParOldGen       total 349696K, used 349695K [0x00000000e0000000, 0x00000000f5580000, 0x00000000f5580000)
  object space 349696K, 99% used [0x00000000e0000000,0x00000000f557fd30,0x00000000f5580000)
 Metaspace       used 64719K, committed 65728K, reserved 1114112K
  class space    used 6400K, committed 6848K, reserved 1048576K
}
Event: 473.795 GC heap before
{Heap before GC invocations=637 (full 454):
 PSYoungGen      total 29184K, used 9727K [0x00000000f5580000, 0x00000000f8580000, 0x0000000100000000)
  eden space 9728K, 99% used [0x00000000f5580000,0x00000000f5effff8,0x00000000f5f00000)
  from space 19456K, 0% used [0x00000000f5f00000,0x00000000f5f00000,0x00000000f7200000)
  to   space 19456K, 0% used [0x00000000f7200000,0x00000000f7200000,0x00000000f8500000)
 ParOldGen       total 349696K, used 349695K [0x00000000e0000000, 0x00000000f5580000, 0x00000000f5580000)
  object space 349696K, 99% used [0x00000000e0000000,0x00000000f557fd30,0x00000000f5580000)
 Metaspace       used 64719K, committed 65728K, reserved 1114112K
  class space    used 6400K, committed 6848K, reserved 1048576K
}
Event: 474.658 GC heap after
{Heap after GC invocations=637 (full 454):
 PSYoungGen      total 29184K, used 9727K [0x00000000f5580000, 0x00000000f8580000, 0x0000000100000000)
  eden space 9728K, 99% used [0x00000000f5580000,0x00000000f5efff28,0x00000000f5f00000)
  from space 19456K, 0% used [0x00000000f7200000,0x00000000f7200000,0x00000000f8500000)
  to   space 19456K, 0% used [0x00000000f5f00000,0x00000000f5f00000,0x00000000f7200000)
 ParOldGen       total 349696K, used 349695K [0x00000000e0000000, 0x00000000f5580000, 0x00000000f5580000)
  object space 349696K, 99% used [0x00000000e0000000,0x00000000f557fd30,0x00000000f5580000)
 Metaspace       used 64719K, committed 65728K, reserved 1114112K
  class space    used 6400K, committed 6848K, reserved 1048576K
}
Event: 474.658 GC heap before
{Heap before GC invocations=638 (full 455):
 PSYoungGen      total 29184K, used 9727K [0x00000000f5580000, 0x00000000f8580000, 0x0000000100000000)
  eden space 9728K, 99% used [0x00000000f5580000,0x00000000f5effff8,0x00000000f5f00000)
  from space 19456K, 0% used [0x00000000f7200000,0x00000000f7200000,0x00000000f8500000)
  to   space 19456K, 0% used [0x00000000f5f00000,0x00000000f5f00000,0x00000000f7200000)
 ParOldGen       total 349696K, used 349695K [0x00000000e0000000, 0x00000000f5580000, 0x00000000f5580000)
  object space 349696K, 99% used [0x00000000e0000000,0x00000000f557fd30,0x00000000f5580000)
 Metaspace       used 64719K, committed 65728K, reserved 1114112K
  class space    used 6400K, committed 6848K, reserved 1048576K
}
Event: 475.562 GC heap after
{Heap after GC invocations=638 (full 455):
 PSYoungGen      total 29184K, used 9727K [0x00000000f5580000, 0x00000000f8580000, 0x0000000100000000)
  eden space 9728K, 99% used [0x00000000f5580000,0x00000000f5efff28,0x00000000f5f00000)
  from space 19456K, 0% used [0x00000000f5f00000,0x00000000f5f00000,0x00000000f7200000)
  to   space 19456K, 0% used [0x00000000f7200000,0x00000000f7200000,0x00000000f8500000)
 ParOldGen       total 349696K, used 349695K [0x00000000e0000000, 0x00000000f5580000, 0x00000000f5580000)
  object space 349696K, 99% used [0x00000000e0000000,0x00000000f557fd30,0x00000000f5580000)
 Metaspace       used 64719K, committed 65728K, reserved 1114112K
  class space    used 6400K, committed 6848K, reserved 1048576K
}
Event: 475.562 GC heap before
{Heap before GC invocations=639 (full 456):
 PSYoungGen      total 29184K, used 9727K [0x00000000f5580000, 0x00000000f8580000, 0x0000000100000000)
  eden space 9728K, 99% used [0x00000000f5580000,0x00000000f5effff8,0x00000000f5f00000)
  from space 19456K, 0% used [0x00000000f5f00000,0x00000000f5f00000,0x00000000f7200000)
  to   space 19456K, 0% used [0x00000000f7200000,0x00000000f7200000,0x00000000f8500000)
 ParOldGen       total 349696K, used 349695K [0x00000000e0000000, 0x00000000f5580000, 0x00000000f5580000)
  object space 349696K, 99% used [0x00000000e0000000,0x00000000f557fd30,0x00000000f5580000)
 Metaspace       used 64719K, committed 65728K, reserved 1114112K
  class space    used 6400K, committed 6848K, reserved 1048576K
}
Event: 476.359 GC heap after
{Heap after GC invocations=639 (full 456):
 PSYoungGen      total 29184K, used 9727K [0x00000000f5580000, 0x00000000f8580000, 0x0000000100000000)
  eden space 9728K, 99% used [0x00000000f5580000,0x00000000f5efff28,0x00000000f5f00000)
  from space 19456K, 0% used [0x00000000f7200000,0x00000000f7200000,0x00000000f8500000)
  to   space 19456K, 0% used [0x00000000f5f00000,0x00000000f5f00000,0x00000000f7200000)
 ParOldGen       total 349696K, used 349695K [0x00000000e0000000, 0x00000000f5580000, 0x00000000f5580000)
  object space 349696K, 99% used [0x00000000e0000000,0x00000000f557fd30,0x00000000f5580000)
 Metaspace       used 64719K, committed 65728K, reserved 1114112K
  class space    used 6400K, committed 6848K, reserved 1048576K
}
Event: 476.359 GC heap before
{Heap before GC invocations=640 (full 457):
 PSYoungGen      total 29184K, used 9727K [0x00000000f5580000, 0x00000000f8580000, 0x0000000100000000)
  eden space 9728K, 99% used [0x00000000f5580000,0x00000000f5efff28,0x00000000f5f00000)
  from space 19456K, 0% used [0x00000000f7200000,0x00000000f7200000,0x00000000f8500000)
  to   space 19456K, 0% used [0x00000000f5f00000,0x00000000f5f00000,0x00000000f7200000)
 ParOldGen       total 349696K, used 349695K [0x00000000e0000000, 0x00000000f5580000, 0x00000000f5580000)
  object space 349696K, 99% used [0x00000000e0000000,0x00000000f557fd30,0x00000000f5580000)
 Metaspace       used 64719K, committed 65728K, reserved 1114112K
  class space    used 6400K, committed 6848K, reserved 1048576K
}
Event: 477.173 GC heap after
{Heap after GC invocations=640 (full 457):
 PSYoungGen      total 29184K, used 9727K [0x00000000f5580000, 0x00000000f8580000, 0x0000000100000000)
  eden space 9728K, 99% used [0x00000000f5580000,0x00000000f5effed8,0x00000000f5f00000)
  from space 19456K, 0% used [0x00000000f5f00000,0x00000000f5f00000,0x00000000f7200000)
  to   space 19456K, 0% used [0x00000000f7200000,0x00000000f7200000,0x00000000f8500000)
 ParOldGen       total 349696K, used 349694K [0x00000000e0000000, 0x00000000f5580000, 0x00000000f5580000)
  object space 349696K, 99% used [0x00000000e0000000,0x00000000f557f920,0x00000000f5580000)
 Metaspace       used 64719K, committed 65728K, reserved 1114112K
  class space    used 6400K, committed 6848K, reserved 1048576K
}

Dll operation events (9 events):
Event: 0.001 Loaded shared library /nix/store/gpxl5qgg8kicmcvivwmybwjlpf7wh20l-graalvm17-ce-22.3.0/lib/libjava.so
Event: 0.006 Loaded shared library /nix/store/gpxl5qgg8kicmcvivwmybwjlpf7wh20l-graalvm17-ce-22.3.0/lib/libjsvml.so
Event: 0.176 Loaded shared library /nix/store/gpxl5qgg8kicmcvivwmybwjlpf7wh20l-graalvm17-ce-22.3.0/lib/libnio.so
Event: 0.178 Loaded shared library /nix/store/gpxl5qgg8kicmcvivwmybwjlpf7wh20l-graalvm17-ce-22.3.0/lib/libjvmcicompiler.so
Event: 0.260 Loaded shared library /nix/store/gpxl5qgg8kicmcvivwmybwjlpf7wh20l-graalvm17-ce-22.3.0/lib/libzip.so
Event: 0.565 Loaded shared library /nix/store/gpxl5qgg8kicmcvivwmybwjlpf7wh20l-graalvm17-ce-22.3.0/lib/libjimage.so
Event: 0.961 Loaded shared library /nix/store/gpxl5qgg8kicmcvivwmybwjlpf7wh20l-graalvm17-ce-22.3.0/lib/libnet.so
Event: 3.264 Loaded shared library /home/runner/.cache/jdt-language-server/config/org.eclipse.equinox.launcher/org.eclipse.equinox.launcher.gtk.linux.x86_64_1.2.400.v20211117-0650/eclipse_11600.so
Event: 11.952 Loaded shared library /nix/store/gpxl5qgg8kicmcvivwmybwjlpf7wh20l-graalvm17-ce-22.3.0/lib/libextnet.so

Deoptimization events (20 events):
Event: 155.487 Thread 0x00007fa4b810b380 Uncommon trap: trap_request=0xffffffed fr.pc=0x00007fa53b295652 relative=0x0000000000000172
Event: 155.487 Thread 0x00007fa4b810b380 Uncommon trap: reason=null_assert_or_unreached0 action=reinterpret pc=0x00007fa53b295652 method=org.eclipse.jdt.core.Signature.appendTypeSignature([CIZLjava/lang/StringBuffer;)I @ 0 jvmci
Event: 155.487 Thread 0x00007fa4b810b380 DEOPT PACKING pc=0x00007fa53b295652 sp=0x00007fa4f78fda30
Event: 155.487 Thread 0x00007fa4b810b380 DEOPT UNPACKING pc=0x00007fa533505325 sp=0x00007fa4f78fcef8 mode 3
Event: 157.298 Thread 0x00007fa4bc0486e0 DEOPT PACKING pc=0x00007fa533e700e1 sp=0x00007fa4f74fe410
Event: 157.298 Thread 0x00007fa4bc0486e0 DEOPT UNPACKING pc=0x00007fa533505325 sp=0x00007fa4f74fd8d0 mode 0
Event: 157.352 Thread 0x00007fa4bc0486e0 DEOPT PACKING pc=0x00007fa533e700e1 sp=0x00007fa4f74fe410
Event: 157.352 Thread 0x00007fa4bc0486e0 DEOPT UNPACKING pc=0x00007fa533505325 sp=0x00007fa4f74fd8d0 mode 0
Event: 157.355 Thread 0x00007fa4bc0486e0 DEOPT PACKING pc=0x00007fa533e700e1 sp=0x00007fa4f74fe410
Event: 157.355 Thread 0x00007fa4bc0486e0 DEOPT UNPACKING pc=0x00007fa533505325 sp=0x00007fa4f74fd8d0 mode 0
Event: 157.363 Thread 0x00007fa4b810a540 DEOPT PACKING pc=0x00007fa5343a839e sp=0x00007fa4f7cfd120
Event: 157.363 Thread 0x00007fa4b810a540 DEOPT UNPACKING pc=0x00007fa533505325 sp=0x00007fa4f7cfc5e8 mode 0
Event: 157.364 Thread 0x00007fa4b810b380 Uncommon trap: trap_request=0xffffffed fr.pc=0x00007fa53b24b509 relative=0x00000000000006e9
Event: 157.364 Thread 0x00007fa4b810b380 Uncommon trap: reason=null_assert_or_unreached0 action=reinterpret pc=0x00007fa53b24b509 method=org.eclipse.jdt.internal.core.JavaElement.hashCode()I @ 0 jvmci
Event: 157.364 Thread 0x00007fa4b810b380 DEOPT PACKING pc=0x00007fa53b24b509 sp=0x00007fa4f78fd7b0
Event: 157.364 Thread 0x00007fa4b810b380 DEOPT UNPACKING pc=0x00007fa533505325 sp=0x00007fa4f78fcca0 mode 3
Event: 157.365 Thread 0x00007fa4b810b380 Uncommon trap: trap_request=0xffffffcd fr.pc=0x00007fa53b161f5d relative=0x000000000000087d
Event: 157.365 Thread 0x00007fa4b810b380 Uncommon trap: reason=intrinsic_or_type_checked_inlining action=reinterpret pc=0x00007fa53b161f5d method=java.util.HashMap.putVal(ILjava/lang/Object;Ljava/lang/Object;ZZ)Ljava/lang/Object; @ 29 jvmci
Event: 157.365 Thread 0x00007fa4b810b380 DEOPT PACKING pc=0x00007fa53b161f5d sp=0x00007fa4f78fde40
Event: 157.365 Thread 0x00007fa4b810b380 DEOPT UNPACKING pc=0x00007fa533505325 sp=0x00007fa4f78fd2e0 mode 3

Classes unloaded (20 events):
Event: 57.978 Thread 0x00007fa54c0a1bf0 Unloading class 0x0000000800da4c00 'java/lang/invoke/LambdaForm$MH+0x0000000800da4c00'
Event: 57.978 Thread 0x00007fa54c0a1bf0 Unloading class 0x0000000800da4800 'java/lang/invoke/LambdaForm$MH+0x0000000800da4800'
Event: 57.978 Thread 0x00007fa54c0a1bf0 Unloading class 0x0000000800da4400 'java/lang/invoke/LambdaForm$MH+0x0000000800da4400'
Event: 57.978 Thread 0x00007fa54c0a1bf0 Unloading class 0x0000000800da4000 'jdk/internal/reflect/GeneratedConstructorAccessor3'
Event: 57.978 Thread 0x00007fa54c0a1bf0 Unloading class 0x0000000800d06800 'java/lang/invoke/LambdaForm$MH+0x0000000800d06800'
Event: 57.978 Thread 0x00007fa54c0a1bf0 Unloading class 0x0000000800d06000 'java/lang/invoke/LambdaForm$MH+0x0000000800d06000'
Event: 57.978 Thread 0x00007fa54c0a1bf0 Unloading class 0x0000000800d05c00 'java/lang/invoke/LambdaForm$MH+0x0000000800d05c00'
Event: 57.978 Thread 0x00007fa54c0a1bf0 Unloading class 0x0000000800d05800 'java/lang/invoke/LambdaForm$MH+0x0000000800d05800'
Event: 57.978 Thread 0x00007fa54c0a1bf0 Unloading class 0x0000000800d05000 'java/lang/invoke/LambdaForm$MH+0x0000000800d05000'
Event: 57.978 Thread 0x00007fa54c0a1bf0 Unloading class 0x0000000800d04c00 'java/lang/invoke/LambdaForm$MH+0x0000000800d04c00'
Event: 57.978 Thread 0x00007fa54c0a1bf0 Unloading class 0x0000000800d04800 'java/lang/invoke/LambdaForm$MH+0x0000000800d04800'
Event: 57.978 Thread 0x00007fa54c0a1bf0 Unloading class 0x0000000800d04000 'java/lang/invoke/LambdaForm$MH+0x0000000800d04000'
Event: 57.978 Thread 0x00007fa54c0a1bf0 Unloading class 0x0000000800c1d000 'jdk/internal/reflect/GeneratedMethodAccessor5'
Event: 57.978 Thread 0x00007fa54c0a1bf0 Unloading class 0x0000000800c1cc00 'jdk/internal/reflect/GeneratedMethodAccessor4'
Event: 57.978 Thread 0x00007fa54c0a1bf0 Unloading class 0x0000000800c1c800 'jdk/internal/reflect/GeneratedMethodAccessor3'
Event: 57.978 Thread 0x00007fa54c0a1bf0 Unloading class 0x0000000800c1c400 'jdk/internal/reflect/GeneratedMethodAccessor2'
Event: 57.978 Thread 0x00007fa54c0a1bf0 Unloading class 0x0000000800c1c000 'jdk/internal/reflect/GeneratedMethodAccessor1'
Event: 57.978 Thread 0x00007fa54c0a1bf0 Unloading class 0x0000000800c01c00 'java/lang/invoke/LambdaForm$DMH+0x0000000800c01c00'
Event: 308.085 Thread 0x00007fa54c0a1bf0 Unloading class 0x0000000801114000 'jdk/internal/reflect/GeneratedConstructorAccessor47'
Event: 316.173 Thread 0x00007fa54c0a1bf0 Unloading class 0x00000008011fc000 'jdk/internal/reflect/GeneratedConstructorAccessor42'

Classes redefined (0 events):
No events

Internal exceptions (20 events):
Event: 40.658 Thread 0x00007fa4b81bfa50 Exception <a 'java/lang/ArrayIndexOutOfBoundsException'{0x00000000f65848a8}> (0x00000000f65848a8) 
thrown [src/hotspot/share/runtime/sharedRuntime.cpp, line 628]
Event: 40.658 Thread 0x00007fa4b81bfa50 Exception <a 'java/lang/ArrayIndexOutOfBoundsException'{0x00000000f6584e70}> (0x00000000f6584e70) 
thrown [src/hotspot/share/runtime/sharedRuntime.cpp, line 628]
Event: 42.659 Thread 0x00007fa4b81c2060 Exception <a 'java/lang/NoSuchMethodError'{0x00000000f5893d08}: 'int java.lang.invoke.DirectMethodHandle$Holder.invokeSpecialIFC(java.lang.Object, java.lang.Object, java.lang.Object, java.lang.Object)'> (0x00000000f5893d08) 
thrown [src/hotspot/share/interpreter/linkResolver.cpp, line 758]
Event: 43.572 Thread 0x00007fa4e0481290 Implicit null exception at 0x00007fa53b191815 to 0x00007fa53b191efe
Event: 82.987 Thread 0x00007fa4e0481290 Exception <a 'java/lang/OutOfMemoryError'{0x00000000e0004ae0}> (0x00000000e0004ae0) 
thrown [src/hotspot/share/gc/shared/memAllocator.cpp, line 138]
Event: 82.987 Thread 0x00007fa4e0481290 Implicit null exception at 0x00007fa53b185f66 to 0x00007fa53b186166
Event: 85.274 Thread 0x00007fa4e0481290 Exception <a 'java/lang/OutOfMemoryError'{0x00000000e0003fa0}> (0x00000000e0003fa0) 
thrown [src/hotspot/share/gc/shared/memAllocator.cpp, line 136]
Event: 138.263 Thread 0x00007fa4b81094c0 Implicit null exception at 0x00007fa53b191b15 to 0x00007fa53b191e3a
Event: 138.263 Thread 0x00007fa4b81094c0 Implicit null exception at 0x00007fa53b0cf9a1 to 0x00007fa53b0cfc8e
Event: 138.264 Thread 0x00007fa4b81094c0 Implicit null exception at 0x00007fa53b0db621 to 0x00007fa53b0db7f0
Event: 138.286 Thread 0x00007fa4b81094c0 Exception <a 'java/io/FileNotFoundException'{0x00000000f5f9fac0}> (0x00000000f5f9fac0) 
thrown [src/hotspot/share/prims/jni.cpp, line 516]
Event: 138.352 Thread 0x00007fa4b81bfa50 Exception <a 'java/lang/ArrayIndexOutOfBoundsException'{0x00000000f5fda858}: Index 301 out of bounds for length 301> (0x00000000f5fda858) 
thrown [src/hotspot/share/interpreter/interpreterRuntime.cpp, line 428]
Event: 138.481 Thread 0x00007fa4b81bfa50 Exception <a 'java/lang/ArrayIndexOutOfBoundsException'{0x00000000f64543e0}: Index 301 out of bounds for length 301> (0x00000000f64543e0) 
thrown [src/hotspot/share/interpreter/interpreterRuntime.cpp, line 428]
Event: 138.551 Thread 0x00007fa4b81bfa50 Exception <a 'java/lang/ArrayIndexOutOfBoundsException'{0x00000000f64da2c0}: Index 301 out of bounds for length 301> (0x00000000f64da2c0) 
thrown [src/hotspot/share/interpreter/interpreterRuntime.cpp, line 428]
Event: 138.551 Thread 0x00007fa4b81bfa50 Exception <a 'java/lang/ArrayIndexOutOfBoundsException'{0x00000000f64da5e0}: Index 302 out of bounds for length 301> (0x00000000f64da5e0) 
thrown [src/hotspot/share/interpreter/interpreterRuntime.cpp, line 428]
Event: 138.857 Thread 0x00007fa4bc0486e0 Implicit null exception at 0x00007fa53b17e93b to 0x00007fa533504f68
Event: 139.353 Thread 0x00007fa4bc0486e0 Implicit null exception at 0x00007fa53b11fc56 to 0x00007fa53b121930
Event: 142.055 Thread 0x00007fa47c0131a0 Implicit null exception at 0x00007fa53b20ac30 to 0x00007fa53b20ac99
Event: 157.364 Thread 0x00007fa4b810b380 Implicit null exception at 0x00007fa53b24ae53 to 0x00007fa53b24b4ee
Event: 477.173 Thread 0x00007fa54c0b21b0 Exception <a 'java/lang/OutOfMemoryError'{0x00000000e00042c0}> (0x00000000e00042c0) 
thrown [src/hotspot/share/gc/shared/memAllocator.cpp, line 136]

VM Operations (20 events):
Event: 467.974 Executing VM operation: ParallelGCFailedAllocation
Event: 468.688 Executing VM operation: ParallelGCFailedAllocation done
Event: 468.689 Executing VM operation: ParallelGCFailedAllocation
Event: 469.500 Executing VM operation: ParallelGCFailedAllocation done
Event: 469.500 Executing VM operation: ParallelGCFailedAllocation
Event: 470.474 Executing VM operation: ParallelGCFailedAllocation done
Event: 470.474 Executing VM operation: ParallelGCFailedAllocation
Event: 471.279 Executing VM operation: ParallelGCFailedAllocation done
Event: 471.280 Executing VM operation: ParallelGCFailedAllocation
Event: 472.058 Executing VM operation: ParallelGCFailedAllocation done
Event: 472.058 Executing VM operation: ParallelGCFailedAllocation
Event: 473.002 Executing VM operation: ParallelGCFailedAllocation done
Event: 473.050 Executing VM operation: ParallelGCFailedAllocation
Event: 473.795 Executing VM operation: ParallelGCFailedAllocation done
Event: 473.795 Executing VM operation: ParallelGCFailedAllocation
Event: 474.658 Executing VM operation: ParallelGCFailedAllocation done
Event: 474.658 Executing VM operation: ParallelGCFailedAllocation
Event: 475.562 Executing VM operation: ParallelGCFailedAllocation done
Event: 475.562 Executing VM operation: ParallelGCFailedAllocation
Event: 477.173 Executing VM operation: ParallelGCFailedAllocation done

Events (20 events):
Event: 202.984 Thread 0x00007fa4d0007510 Thread exited: 0x00007fa4d0007510
Event: 203.768 Thread 0x00007fa4d00010d0 Thread exited: 0x00007fa4d00010d0
Event: 205.194 Thread 0x00007fa47c0131a0 Thread exited: 0x00007fa47c0131a0
Event: 312.556 Thread 0x00007fa4d4005ec0 Thread added: 0x00007fa4d4005ec0
Event: 312.556 Protecting memory [0x00007fa4f8000000,0x00007fa4f8004000] with protection modes 0
Event: 344.962 loading class java/io/InterruptedIOException
Event: 344.963 loading class java/io/InterruptedIOException done
Event: 344.963 loading class java/lang/UnsupportedOperationException
Event: 349.964 loading class java/lang/UnsupportedOperationException done
Event: 349.964 loading class javax/crypto/AEADBadTagException
Event: 352.187 loading class javax/crypto/AEADBadTagException done
Event: 352.187 loading class javax/net/ssl/SSLHandshakeException
Event: 352.187 loading class javax/net/ssl/SSLException
Event: 354.386 loading class javax/net/ssl/SSLException done
Event: 355.065 loading class javax/net/ssl/SSLHandshakeException done
Event: 362.561 loading class java/lang/AssertionError
Event: 364.098 loading class java/lang/AssertionError done
Event: 368.683 Thread 0x00007fa4b0084740 Thread exited: 0x00007fa4b0084740
Event: 393.401 Thread 0x00007fa49c001dd0 Thread exited: 0x00007fa49c001dd0
Event: 407.977 Thread 0x00007fa4b03ee600 Thread exited: 0x00007fa4b03ee600


Dynamic libraries:
e0000000-f5580000 rw-p 00000000 00:00 0 
f5580000-f8580000 rw-p 00000000 00:00 0 
f8580000-100000000 ---p 00000000 00:00 0 
800000000-800449000 rw-p 00001000 00:155f 4611686019135357769            /nix/store/gpxl5qgg8kicmcvivwmybwjlpf7wh20l-graalvm17-ce-22.3.0/lib/server/classes.jsa
800449000-800bc8000 r--p 0044a000 00:155f 4611686019135357769            /nix/store/gpxl5qgg8kicmcvivwmybwjlpf7wh20l-graalvm17-ce-22.3.0/lib/server/classes.jsa
800bc8000-800c00000 ---p 00000000 00:00 0 
800c00000-800c20000 rw-p 00000000 00:00 0 
800c20000-800c40000 rw-p 00000000 00:00 0 
800c40000-800cc0000 rw-p 00000000 00:00 0 
800cc0000-800d00000 rw-p 00000000 00:00 0 
800d00000-800dc0000 rw-p 00000000 00:00 0 
800dc0000-800e00000 rw-p 00000000 00:00 0 
800e00000-800f40000 rw-p 00000000 00:00 0 
800f40000-800fc0000 rw-p 00000000 00:00 0 
800fc0000-801000000 rw-p 00000000 00:00 0 
801000000-8012b0000 rw-p 00000000 00:00 0 
8012b0000-840c00000 ---p 00000000 00:00 0 
55840f1e5000-55840f1e6000 r-xp 00000000 00:155f 4611686019099417844      /nix/store/gpxl5qgg8kicmcvivwmybwjlpf7wh20l-graalvm17-ce-22.3.0/bin/.java-wrapped
55840f1e7000-55840f1e8000 r--p 00001000 00:155f 4611686019099417844      /nix/store/gpxl5qgg8kicmcvivwmybwjlpf7wh20l-graalvm17-ce-22.3.0/bin/.java-wrapped
55840f1e8000-55840f1e9000 rw-p 00002000 00:155f 4611686019099417844      /nix/store/gpxl5qgg8kicmcvivwmybwjlpf7wh20l-graalvm17-ce-22.3.0/bin/.java-wrapped
55840f1e9000-55840f1ea000 rw-p 00004000 00:155f 4611686019099417844      /nix/store/gpxl5qgg8kicmcvivwmybwjlpf7wh20l-graalvm17-ce-22.3.0/bin/.java-wrapped
55840f1ea000-55840f1eb000 rw-p 00005000 00:155f 4611686019099417844      /nix/store/gpxl5qgg8kicmcvivwmybwjlpf7wh20l-graalvm17-ce-22.3.0/bin/.java-wrapped
558410807000-55841084f000 rw-p 00000000 00:00 0                          [heap]
7fa47c000000-7fa47c049000 rw-p 00000000 00:00 0 
7fa47c049000-7fa480000000 ---p 00000000 00:00 0 
7fa480000000-7fa48011f000 rw-p 00000000 00:00 0 
7fa48011f000-7fa484000000 ---p 00000000 00:00 0 
7fa484000000-7fa484090000 rw-p 00000000 00:00 0 
7fa484090000-7fa488000000 ---p 00000000 00:00 0 
7fa488000000-7fa48807f000 rw-p 00000000 00:00 0 
7fa48807f000-7fa48c000000 ---p 00000000 00:00 0 
7fa48c000000-7fa48c021000 rw-p 00000000 00:00 0 
7fa48c021000-7fa490000000 ---p 00000000 00:00 0 
7fa490000000-7fa490021000 rw-p 00000000 00:00 0 
7fa490021000-7fa494000000 ---p 00000000 00:00 0 
7fa494000000-7fa494021000 rw-p 00000000 00:00 0 
7fa494021000-7fa498000000 ---p 00000000 00:00 0 
7fa498000000-7fa498021000 rw-p 00000000 00:00 0 
7fa498021000-7fa49c000000 ---p 00000000 00:00 0 
7fa49c000000-7fa49c021000 rw-p 00000000 00:00 0 
7fa49c021000-7fa4a0000000 ---p 00000000 00:00 0 
7fa4a0800000-7fa4a0a10000 rw-p 00000000 00:00 0 
7fa4a0a10000-7fa4a1000000 ---p 00000000 00:00 0 
7fa4a1400000-7fa4a1700000 rw-p 00000000 00:00 0 
7fa4a1700000-7fa4a1770000 rw-p 00000000 00:00 0 
7fa4a1770000-7fa4a1800000 ---p 00000000 00:00 0 
7fa4a1800000-7fa4a1aa0000 rw-p 00000000 00:00 0 
7fa4a1aa0000-7fa4a1c00000 rw-p 00000000 00:00 0 
7fa4a24b3000-7fa4ac000000 r--s 00000000 00:155f 4611686019135192581      /nix/store/gpxl5qgg8kicmcvivwmybwjlpf7wh20l-graalvm17-ce-22.3.0/lib/modules
7fa4ac000000-7fa4ac021000 rw-p 00000000 00:00 0 
7fa4ac021000-7fa4b0000000 ---p 00000000 00:00 0 
7fa4b0000000-7fa4b054e000 rw-p 00000000 00:00 0 
7fa4b054e000-7fa4b4000000 ---p 00000000 00:00 0 
7fa4b4000000-7fa4b4021000 rw-p 00000000 00:00 0 
7fa4b4021000-7fa4b8000000 ---p 00000000 00:00 0 
7fa4b8000000-7fa4b81d9000 rw-p 00000000 00:00 0 
7fa4b81d9000-7fa4bc000000 ---p 00000000 00:00 0 
7fa4bc000000-7fa4bc064000 rw-p 00000000 00:00 0 
7fa4bc064000-7fa4c0000000 ---p 00000000 00:00 0 
7fa4c0000000-7fa4c0021000 rw-p 00000000 00:00 0 
7fa4c0021000-7fa4c4000000 ---p 00000000 00:00 0 
7fa4c4000000-7fa4c40fb000 rw-p 00000000 00:00 0 
7fa4c40fb000-7fa4c8000000 ---p 00000000 00:00 0 
7fa4c8000000-7fa4c8427000 rw-p 00000000 00:00 0 
7fa4c8427000-7fa4cc000000 ---p 00000000 00:00 0 
7fa4cc000000-7fa4cc021000 rw-p 00000000 00:00 0 
7fa4cc021000-7fa4d0000000 ---p 00000000 00:00 0 
7fa4d0000000-7fa4d009f000 rw-p 00000000 00:00 0 
7fa4d009f000-7fa4d4000000 ---p 00000000 00:00 0 
7fa4d4000000-7fa4d4021000 rw-p 00000000 00:00 0 
7fa4d4021000-7fa4d8000000 ---p 00000000 00:00 0 
7fa4d8000000-7fa4d8021000 rw-p 00000000 00:00 0 
7fa4d8021000-7fa4dc000000 ---p 00000000 00:00 0 
7fa4dd800000-7fa4ddda0000 rw-p 00000000 00:00 0 
7fa4ddda0000-7fa4de000000 rw-p 00000000 00:00 0 
7fa4de000000-7fa4de500000 rw-p 00000000 00:00 0 
7fa4de500000-7fa4de600000 rw-p 00000000 00:00 0 
7fa4de600000-7fa4de800000 rw-p 00000000 00:00 0 
7fa4de800000-7fa4de900000 rw-p 00000000 00:00 0 
7fa4de900000-7fa4deb00000 rw-p 00000000 00:00 0 
7fa4deb00000-7fa4ded00000 rw-p 00000000 00:00 0 
7fa4ded00000-7fa4dee00000 rw-p 00000000 00:00 0 
7fa4dee00000-7fa4df000000 rw-p 00000000 00:00 0 
7fa4df000000-7fa4df100000 rw-p 00000000 00:00 0 
7fa4df100000-7fa4df200000 rw-p 00000000 00:00 0 
7fa4df200000-7fa4df700000 rw-p 00000000 00:00 0 
7fa4df700000-7fa4df800000 rw-p 00000000 00:00 0 
7fa4df800000-7fa4df900000 rw-p 00000000 00:00 0 
7fa4df900000-7fa4dfa00000 rw-p 00000000 00:00 0 
7fa4dfa00000-7fa4dfd00000 rw-p 00000000 00:00 0 
7fa4dfd00000-7fa4dfe00000 rw-p 00000000 00:00 0 
7fa4dfe00000-7fa4e0000000 rw-p 00000000 00:00 0 
7fa4e0000000-7fa4e08b9000 rw-p 00000000 00:00 0 
7fa4e08b9000-7fa4e4000000 ---p 00000000 00:00 0 
7fa4e4000000-7fa4e4026000 rw-p 00000000 00:00 0 
7fa4e4026000-7fa4e8000000 ---p 00000000 00:00 0 
7fa4e8000000-7fa4e8021000 rw-p 00000000 00:00 0 
7fa4e8021000-7fa4ec000000 ---p 00000000 00:00 0 
7fa4ec000000-7fa4ec021000 rw-p 00000000 00:00 0 
7fa4ec021000-7fa4f0000000 ---p 00000000 00:00 0 
7fa4f0000000-7fa4f0042000 rw-p 00000000 00:00 0 
7fa4f0042000-7fa4f4000000 ---p 00000000 00:00 0 
7fa4f5600000-7fa4f5610000 r-xp 00000000 00:152f 358                      /home/runner/.cache/jdt-language-server/config/org.eclipse.equinox.launcher/org.eclipse.equinox.launcher.gtk.linux.x86_64_1.2.400.v20211117-0650/eclipse_11600.so
7fa4f5610000-7fa4f580f000 ---p 00010000 00:152f 358                      /home/runner/.cache/jdt-language-server/config/org.eclipse.equinox.launcher/org.eclipse.equinox.launcher.gtk.linux.x86_64_1.2.400.v20211117-0650/eclipse_11600.so
7fa4f580f000-7fa4f5810000 r--p 0000f000 00:152f 358                      /home/runner/.cache/jdt-language-server/config/org.eclipse.equinox.launcher/org.eclipse.equinox.launcher.gtk.linux.x86_64_1.2.400.v20211117-0650/eclipse_11600.so
7fa4f5810000-7fa4f5811000 rw-p 00010000 00:152f 358                      /home/runner/.cache/jdt-language-server/config/org.eclipse.equinox.launcher/org.eclipse.equinox.launcher.gtk.linux.x86_64_1.2.400.v20211117-0650/eclipse_11600.so
7fa4f5f00000-7fa4f6000000 ---p 00000000 00:00 0 
7fa4f6000000-7fa4f65af000 r--p 01122000 00:155f 4611686019135190040      /nix/store/gpxl5qgg8kicmcvivwmybwjlpf7wh20l-graalvm17-ce-22.3.0/lib/libjvmcicompiler.so
7fa4f65af000-7fa4f6700000 r--p 00000000 00:00 0 
7fa4f6700000-7fa4f673d000 rw-p 00000000 00:00 0 
7fa4f673d000-7fa4f6c5d000 rw-p 0185f000 00:155f 4611686019135190040      /nix/store/gpxl5qgg8kicmcvivwmybwjlpf7wh20l-graalvm17-ce-22.3.0/lib/libjvmcicompiler.so
7fa4f6c5d000-7fa4f7044000 r--p 01d7f000 00:155f 4611686019135190040      /nix/store/gpxl5qgg8kicmcvivwmybwjlpf7wh20l-graalvm17-ce-22.3.0/lib/libjvmcicompiler.so
7fa4f7100000-7fa4f7104000 ---p 00000000 00:00 0 
7fa4f7104000-7fa4f7200000 rw-p 00000000 00:00 0 
7fa4f7300000-7fa4f7304000 ---p 00000000 00:00 0 
7fa4f7304000-7fa4f7400000 rw-p 00000000 00:00 0 
7fa4f7400000-7fa4f7404000 ---p 00000000 00:00 0 
7fa4f7404000-7fa4f7500000 rw-p 00000000 00:00 0 
7fa4f7500000-7fa4f7504000 ---p 00000000 00:00 0 
7fa4f7504000-7fa4f7600000 rw-p 00000000 00:00 0 
7fa4f7700000-7fa4f7704000 ---p 00000000 00:00 0 
7fa4f7704000-7fa4f7800000 rw-p 00000000 00:00 0 
7fa4f7800000-7fa4f7804000 ---p 00000000 00:00 0 
7fa4f7804000-7fa4f7900000 rw-p 00000000 00:00 0 
7fa4f7900000-7fa4f7904000 ---p 00000000 00:00 0 
7fa4f7904000-7fa4f7a00000 rw-p 00000000 00:00 0 
7fa4f7a00000-7fa4f7a04000 ---p 00000000 00:00 0 
7fa4f7a04000-7fa4f7b00000 rw-p 00000000 00:00 0 
7fa4f7b00000-7fa4f7b04000 ---p 00000000 00:00 0 
7fa4f7b04000-7fa4f7c00000 rw-p 00000000 00:00 0 
7fa4f7c00000-7fa4f7c04000 ---p 00000000 00:00 0 
7fa4f7c04000-7fa4f7d00000 rw-p 00000000 00:00 0 
7fa4f7d00000-7fa4f7d04000 ---p 00000000 00:00 0 
7fa4f7d04000-7fa4f7e00000 rw-p 00000000 00:00 0 
7fa4f7f00000-7fa4f7f04000 ---p 00000000 00:00 0 
7fa4f7f04000-7fa4f8000000 rw-p 00000000 00:00 0 
7fa4f8000000-7fa4f8004000 ---p 00000000 00:00 0 
7fa4f8004000-7fa4f8100000 rw-p 00000000 00:00 0 
7fa4f8100000-7fa4f8104000 ---p 00000000 00:00 0 
7fa4f8104000-7fa4f8200000 rw-p 00000000 00:00 0 
7fa4f8200000-7fa4f8204000 ---p 00000000 00:00 0 
7fa4f8204000-7fa4f8300000 rw-p 00000000 00:00 0 
7fa4f8300000-7fa4f8304000 ---p 00000000 00:00 0 
7fa4f8304000-7fa4f8400000 rw-p 00000000 00:00 0 
7fa4f8400000-7fa4f8404000 ---p 00000000 00:00 0 
7fa4f8404000-7fa4f8500000 rw-p 00000000 00:00 0 
7fa4f8500000-7fa4f8504000 ---p 00000000 00:00 0 
7fa4f8504000-7fa4f8600000 rw-p 00000000 00:00 0 
7fa4f8600000-7fa4f8604000 ---p 00000000 00:00 0 
7fa4f8604000-7fa4f8700000 rw-p 00000000 00:00 0 
7fa4f8700000-7fa4f8704000 ---p 00000000 00:00 0 
7fa4f8704000-7fa4f8800000 rw-p 00000000 00:00 0 
7fa4f8800000-7fa4f8804000 ---p 00000000 00:00 0 
7fa4f8804000-7fa4f8900000 rw-p 00000000 00:00 0 
7fa4f8900000-7fa4f8904000 ---p 00000000 00:00 0 
7fa4f8904000-7fa4f8a00000 rw-p 00000000 00:00 0 
7fa4f9668000-7fa4f9b00000 rw-p 00000000 00:00 0 
7fa4f9c00000-7fa4fbd6a000 r-xp 00000000 00:155f 4611686019135190040      /nix/store/gpxl5qgg8kicmcvivwmybwjlpf7wh20l-graalvm17-ce-22.3.0/lib/libjvmcicompiler.so
7fa4fbd6a000-7fa4fbf69000 ---p 0216a000 00:155f 4611686019135190040      /nix/store/gpxl5qgg8kicmcvivwmybwjlpf7wh20l-graalvm17-ce-22.3.0/lib/libjvmcicompiler.so
7fa4fbf69000-7fa4fbf6a000 r--p 02169000 00:155f 4611686019135190040      /nix/store/gpxl5qgg8kicmcvivwmybwjlpf7wh20l-graalvm17-ce-22.3.0/lib/libjvmcicompiler.so
7fa4fbf6a000-7fa4fbf6c000 rw-p 0216a000 00:155f 4611686019135190040      /nix/store/gpxl5qgg8kicmcvivwmybwjlpf7wh20l-graalvm17-ce-22.3.0/lib/libjvmcicompiler.so
7fa4fbf6c000-7fa4fbf6d000 rw-p 00000000 00:00 0 
7fa4fbf6d000-7fa4fbf72000 rw-p 023c3000 00:155f 4611686019135190040      /nix/store/gpxl5qgg8kicmcvivwmybwjlpf7wh20l-graalvm17-ce-22.3.0/lib/libjvmcicompiler.so
7fa4fc000000-7fa4fc021000 rw-p 00000000 00:00 0 
7fa4fc021000-7fa500000000 ---p 00000000 00:00 0 
7fa500000000-7fa500021000 rw-p 00000000 00:00 0 
7fa500021000-7fa504000000 ---p 00000000 00:00 0 
7fa504000000-7fa504021000 rw-p 00000000 00:00 0 
7fa504021000-7fa508000000 ---p 00000000 00:00 0 
7fa508000000-7fa508021000 rw-p 00000000 00:00 0 
7fa508021000-7fa50c000000 ---p 00000000 00:00 0 
7fa50c000000-7fa50c0e5000 rw-p 00000000 00:00 0 
7fa50c0e5000-7fa510000000 ---p 00000000 00:00 0 
7fa510000000-7fa510b34000 rw-p 00000000 00:00 0 
7fa510b34000-7fa514000000 ---p 00000000 00:00 0 
7fa514000000-7fa514021000 rw-p 00000000 00:00 0 
7fa514021000-7fa518000000 ---p 00000000 00:00 0 
7fa518000000-7fa518021000 rw-p 00000000 00:00 0 
7fa518021000-7fa51c000000 ---p 00000000 00:00 0 
7fa51c000000-7fa51c021000 rw-p 00000000 00:00 0 
7fa51c021000-7fa520000000 ---p 00000000 00:00 0 
7fa520000000-7fa520021000 rw-p 00000000 00:00 0 
7fa520021000-7fa524000000 ---p 00000000 00:00 0 
7fa524000000-7fa524021000 rw-p 00000000 00:00 0 
7fa524021000-7fa528000000 ---p 00000000 00:00 0 
7fa528000000-7fa528021000 rw-p 00000000 00:00 0 
7fa528021000-7fa52c000000 ---p 00000000 00:00 0 
7fa52c000000-7fa52c1e0000 rw-p 00000000 00:00 0 
7fa52c1e0000-7fa530000000 ---p 00000000 00:00 0 
7fa530000000-7fa530004000 ---p 00000000 00:00 0 
7fa530004000-7fa530100000 rw-p 00000000 00:00 0 
7fa530100000-7fa530104000 ---p 00000000 00:00 0 
7fa530104000-7fa530200000 rw-p 00000000 00:00 0 
7fa530200000-7fa530204000 ---p 00000000 00:00 0 
7fa530204000-7fa530300000 rw-p 00000000 00:00 0 
7fa530318000-7fa53031c000 ---p 00000000 00:00 0 
7fa53031c000-7fa530418000 rw-p 00000000 00:00 0 
7fa530418000-7fa530419000 ---p 00000000 00:00 0 
7fa530419000-7fa53051a000 rw-p 00000000 00:00 0 
7fa53051a000-7fa53051e000 ---p 00000000 00:00 0 
7fa53051e000-7fa53061a000 rw-p 00000000 00:00 0 
7fa53061a000-7fa53061e000 ---p 00000000 00:00 0 
7fa53061e000-7fa53071a000 rw-p 00000000 00:00 0 
7fa53071a000-7fa53071e000 ---p 00000000 00:00 0 
7fa53071e000-7fa53081a000 rw-p 00000000 00:00 0 
7fa53081a000-7fa53081e000 ---p 00000000 00:00 0 
7fa53081e000-7fa530a1a000 rw-p 00000000 00:00 0 
7fa530a1a000-7fa530a1e000 ---p 00000000 00:00 0 
7fa530a1e000-7fa530c1a000 rw-p 00000000 00:00 0 
7fa530c1a000-7fa530c1e000 ---p 00000000 00:00 0 
7fa530c1e000-7fa530d1a000 rw-p 00000000 00:00 0 
7fa530d1a000-7fa530d1e000 ---p 00000000 00:00 0 
7fa530d1e000-7fa530e1a000 rw-p 00000000 00:00 0 
7fa530e1a000-7fa530e1e000 ---p 00000000 00:00 0 
7fa530e1e000-7fa530f1a000 rw-p 00000000 00:00 0 
7fa530f1a000-7fa531200000 r--p 00000000 00:14fa 28444448                 /usr/lib/locale/locale-archive
7fa531200000-7fa531204000 ---p 00000000 00:00 0 
7fa531204000-7fa531300000 rw-p 00000000 00:00 0 
7fa531300000-7fa531304000 ---p 00000000 00:00 0 
7fa531304000-7fa531800000 rw-p 00000000 00:00 0 
7fa531800000-7fa531b00000 rw-p 00000000 00:00 0 
7fa531b00000-7fa531c00000 rw-p 00000000 00:00 0 
7fa531c55000-7fa531c57000 r-xp 00000000 00:155f 4611686019135190017      /nix/store/gpxl5qgg8kicmcvivwmybwjlpf7wh20l-graalvm17-ce-22.3.0/lib/libextnet.so
7fa531c57000-7fa531c58000 r--p 00001000 00:155f 4611686019135190017      /nix/store/gpxl5qgg8kicmcvivwmybwjlpf7wh20l-graalvm17-ce-22.3.0/lib/libextnet.so
7fa531c58000-7fa531c59000 rw-p 00002000 00:155f 4611686019135190017      /nix/store/gpxl5qgg8kicmcvivwmybwjlpf7wh20l-graalvm17-ce-22.3.0/lib/libextnet.so
7fa531c59000-7fa531c5a000 rw-p 00004000 00:155f 4611686019135190017      /nix/store/gpxl5qgg8kicmcvivwmybwjlpf7wh20l-graalvm17-ce-22.3.0/lib/libextnet.so
7fa531c5a000-7fa531c5b000 ---p 00000000 00:00 0 
7fa531c5b000-7fa531d5c000 rw-p 00000000 00:00 0 
7fa531d5c000-7fa531e2a000 r-xp 00000000 00:155f 4611686019135190036      /nix/store/gpxl5qgg8kicmcvivwmybwjlpf7wh20l-graalvm17-ce-22.3.0/lib/libjsvml.so
7fa531e2a000-7fa531e2b000 r--p 000cd000 00:155f 4611686019135190036      /nix/store/gpxl5qgg8kicmcvivwmybwjlpf7wh20l-graalvm17-ce-22.3.0/lib/libjsvml.so
7fa531e2b000-7fa531e2c000 rw-p 000ce000 00:155f 4611686019135190036      /nix/store/gpxl5qgg8kicmcvivwmybwjlpf7wh20l-graalvm17-ce-22.3.0/lib/libjsvml.so
7fa531e2c000-7fa5334b3000 rw-p 00000000 00:00 0 
7fa5334b3000-7fa533723000 rwxp 00000000 00:00 0 
7fa533723000-7fa533a42000 ---p 00000000 00:00 0 
7fa533a42000-7fa534b12000 rwxp 00000000 00:00 0 
7fa534b12000-7fa53af7a000 ---p 00000000 00:00 0 
7fa53af7a000-7fa53b2aa000 rwxp 00000000 00:00 0 
7fa53b2aa000-7fa5424b3000 ---p 00000000 00:00 0 
7fa5424b3000-7fa54c000000 r--s 00000000 00:155f 4611686019135192581      /nix/store/gpxl5qgg8kicmcvivwmybwjlpf7wh20l-graalvm17-ce-22.3.0/lib/modules
7fa54c000000-7fa54c632000 rw-p 00000000 00:00 0 
7fa54c632000-7fa550004000 ---p 00000000 00:00 0 
7fa550004000-7fa550022000 rw-p 00000000 00:00 0 
7fa550022000-7fa550029000 r-xp 00000000 00:155f 4611686019135192580      /nix/store/gpxl5qgg8kicmcvivwmybwjlpf7wh20l-graalvm17-ce-22.3.0/lib/libzip.so
7fa550029000-7fa55002a000 ---p 00007000 00:155f 4611686019135192580      /nix/store/gpxl5qgg8kicmcvivwmybwjlpf7wh20l-graalvm17-ce-22.3.0/lib/libzip.so
7fa55002a000-7fa55002b000 r--p 00007000 00:155f 4611686019135192580      /nix/store/gpxl5qgg8kicmcvivwmybwjlpf7wh20l-graalvm17-ce-22.3.0/lib/libzip.so
7fa55002b000-7fa55002c000 rw-p 00008000 00:155f 4611686019135192580      /nix/store/gpxl5qgg8kicmcvivwmybwjlpf7wh20l-graalvm17-ce-22.3.0/lib/libzip.so
7fa55002c000-7fa55002e000 rw-p 0000b000 00:155f 4611686019135192580      /nix/store/gpxl5qgg8kicmcvivwmybwjlpf7wh20l-graalvm17-ce-22.3.0/lib/libzip.so
7fa55002e000-7fa550043000 r-xp 00000000 00:155f 4611686019135192570      /nix/store/gpxl5qgg8kicmcvivwmybwjlpf7wh20l-graalvm17-ce-22.3.0/lib/libnet.so
7fa550043000-7fa550044000 ---p 00015000 00:155f 4611686019135192570      /nix/store/gpxl5qgg8kicmcvivwmybwjlpf7wh20l-graalvm17-ce-22.3.0/lib/libnet.so
7fa550044000-7fa550045000 r--p 00015000 00:155f 4611686019135192570      /nix/store/gpxl5qgg8kicmcvivwmybwjlpf7wh20l-graalvm17-ce-22.3.0/lib/libnet.so
7fa550045000-7fa550046000 rw-p 00016000 00:155f 4611686019135192570      /nix/store/gpxl5qgg8kicmcvivwmybwjlpf7wh20l-graalvm17-ce-22.3.0/lib/libnet.so
7fa550046000-7fa550049000 rw-p 0001b000 00:155f 4611686019135192570      /nix/store/gpxl5qgg8kicmcvivwmybwjlpf7wh20l-graalvm17-ce-22.3.0/lib/libnet.so
7fa550049000-7fa55005c000 r-xp 00000000 00:155f 4611686019135192571      /nix/store/gpxl5qgg8kicmcvivwmybwjlpf7wh20l-graalvm17-ce-22.3.0/lib/libnio.so
7fa55005c000-7fa55005d000 r--p 00012000 00:155f 4611686019135192571      /nix/store/gpxl5qgg8kicmcvivwmybwjlpf7wh20l-graalvm17-ce-22.3.0/lib/libnio.so
7fa55005d000-7fa55005e000 rw-p 00013000 00:155f 4611686019135192571      /nix/store/gpxl5qgg8kicmcvivwmybwjlpf7wh20l-graalvm17-ce-22.3.0/lib/libnio.so
7fa55005e000-7fa550063000 rw-p 00019000 00:155f 4611686019135192571      /nix/store/gpxl5qgg8kicmcvivwmybwjlpf7wh20l-graalvm17-ce-22.3.0/lib/libnio.so
7fa550063000-7fa5502b4000 rw-p 00000000 00:00 0 
7fa5502b4000-7fa5502b5000 ---p 00000000 00:00 0 
7fa5502b5000-7fa550460000 rw-p 00000000 00:00 0 
7fa550460000-7fa550479000 rw-p 00000000 00:00 0 
7fa550479000-7fa5504b6000 ---p 00000000 00:00 0 
7fa5504b6000-7fa5504be000 rw-p 00000000 00:00 0 
7fa5504be000-7fa5505a2000 ---p 00000000 00:00 0 
7fa5505a2000-7fa5505c4000 rw-p 00000000 00:00 0 
7fa5505c4000-7fa55068d000 ---p 00000000 00:00 0 
7fa55068d000-7fa550692000 rw-p 00000000 00:00 0 
7fa550692000-7fa550699000 ---p 00000000 00:00 0 
7fa550699000-7fa5506bd000 r-xp 00000000 00:155f 4611686019135190028      /nix/store/gpxl5qgg8kicmcvivwmybwjlpf7wh20l-graalvm17-ce-22.3.0/lib/libjava.so
7fa5506bd000-7fa5506be000 ---p 00024000 00:155f 4611686019135190028      /nix/store/gpxl5qgg8kicmcvivwmybwjlpf7wh20l-graalvm17-ce-22.3.0/lib/libjava.so
7fa5506be000-7fa5506bf000 r--p 00024000 00:155f 4611686019135190028      /nix/store/gpxl5qgg8kicmcvivwmybwjlpf7wh20l-graalvm17-ce-22.3.0/lib/libjava.so
7fa5506bf000-7fa5506c0000 rw-p 00025000 00:155f 4611686019135190028      /nix/store/gpxl5qgg8kicmcvivwmybwjlpf7wh20l-graalvm17-ce-22.3.0/lib/libjava.so
7fa5506c0000-7fa5506c1000 rw-p 00000000 00:00 0 
7fa5506c1000-7fa5506c8000 rw-p 0002f000 00:155f 4611686019135190028      /nix/store/gpxl5qgg8kicmcvivwmybwjlpf7wh20l-graalvm17-ce-22.3.0/lib/libjava.so
7fa5506c8000-7fa5506d0000 rw-s 00000000 00:13f2 353                      /tmp/hsperfdata_runner/28
7fa5506d0000-7fa5506d1000 ---p 00000000 00:00 0 
7fa5506d1000-7fa5506d2000 r--p 00000000 00:00 0 
7fa5506d2000-7fa5506d3000 rwxp 00000000 00:00 0 
7fa5506d3000-7fa5506ee000 r-xp 00000000 00:155f 4611686019135190032      /nix/store/gpxl5qgg8kicmcvivwmybwjlpf7wh20l-graalvm17-ce-22.3.0/lib/libjimage.so
7fa5506ee000-7fa5506ef000 ---p 0001b000 00:155f 4611686019135190032      /nix/store/gpxl5qgg8kicmcvivwmybwjlpf7wh20l-graalvm17-ce-22.3.0/lib/libjimage.so
7fa5506ef000-7fa5506f1000 r--p 0001b000 00:155f 4611686019135190032      /nix/store/gpxl5qgg8kicmcvivwmybwjlpf7wh20l-graalvm17-ce-22.3.0/lib/libjimage.so
7fa5506f1000-7fa5506f2000 rw-p 0001d000 00:155f 4611686019135190032      /nix/store/gpxl5qgg8kicmcvivwmybwjlpf7wh20l-graalvm17-ce-22.3.0/lib/libjimage.so
7fa5506f2000-7fa5506f3000 rw-p 00024000 00:155f 4611686019135190032      /nix/store/gpxl5qgg8kicmcvivwmybwjlpf7wh20l-graalvm17-ce-22.3.0/lib/libjimage.so
7fa5506f3000-7fa5506f7000 ---p 00000000 00:00 0 
7fa5506f7000-7fa5507f3000 rw-p 00000000 00:00 0 
7fa5507f3000-7fa550801000 r--p 00000000 00:155f 4611686019027979927      /nix/store/4nlgxhb09sdr51nc9hdm8az5b08vzkgx-glibc-2.35-163/lib/libm.so.6
7fa550801000-7fa550874000 r-xp 0000e000 00:155f 4611686019027979927      /nix/store/4nlgxhb09sdr51nc9hdm8az5b08vzkgx-glibc-2.35-163/lib/libm.so.6
7fa550874000-7fa5508d1000 r--p 00081000 00:155f 4611686019027979927      /nix/store/4nlgxhb09sdr51nc9hdm8az5b08vzkgx-glibc-2.35-163/lib/libm.so.6
7fa5508d1000-7fa5508d2000 r--p 000dd000 00:155f 4611686019027979927      /nix/store/4nlgxhb09sdr51nc9hdm8az5b08vzkgx-glibc-2.35-163/lib/libm.so.6
7fa5508d2000-7fa5508d3000 rw-p 000de000 00:155f 4611686019027979927      /nix/store/4nlgxhb09sdr51nc9hdm8az5b08vzkgx-glibc-2.35-163/lib/libm.so.6
7fa5508d3000-7fa5508d4000 r--p 00000000 00:155f 4611686019027979946      /nix/store/4nlgxhb09sdr51nc9hdm8az5b08vzkgx-glibc-2.35-163/lib/librt.so.1
7fa5508d4000-7fa5508d5000 r-xp 00001000 00:155f 4611686019027979946      /nix/store/4nlgxhb09sdr51nc9hdm8az5b08vzkgx-glibc-2.35-163/lib/librt.so.1
7fa5508d5000-7fa5508d6000 r--p 00002000 00:155f 4611686019027979946      /nix/store/4nlgxhb09sdr51nc9hdm8az5b08vzkgx-glibc-2.35-163/lib/librt.so.1
7fa5508d6000-7fa5508d7000 r--p 00002000 00:155f 4611686019027979946      /nix/store/4nlgxhb09sdr51nc9hdm8az5b08vzkgx-glibc-2.35-163/lib/librt.so.1
7fa5508d7000-7fa5508d8000 rw-p 00003000 00:155f 4611686019027979946      /nix/store/4nlgxhb09sdr51nc9hdm8az5b08vzkgx-glibc-2.35-163/lib/librt.so.1
7fa5508d8000-7fa5519eb000 r-xp 00000000 00:155f 4611686019135360866      /nix/store/gpxl5qgg8kicmcvivwmybwjlpf7wh20l-graalvm17-ce-22.3.0/lib/server/libjvm.so
7fa5519eb000-7fa5519ec000 ---p 01113000 00:155f 4611686019135360866      /nix/store/gpxl5qgg8kicmcvivwmybwjlpf7wh20l-graalvm17-ce-22.3.0/lib/server/libjvm.so
7fa5519ec000-7fa551aa1000 r--p 01113000 00:155f 4611686019135360866      /nix/store/gpxl5qgg8kicmcvivwmybwjlpf7wh20l-graalvm17-ce-22.3.0/lib/server/libjvm.so
7fa551aa1000-7fa551ad5000 rw-p 011c8000 00:155f 4611686019135360866      /nix/store/gpxl5qgg8kicmcvivwmybwjlpf7wh20l-graalvm17-ce-22.3.0/lib/server/libjvm.so
7fa551ad5000-7fa551b31000 rw-p 00000000 00:00 0 
7fa551b31000-7fa551b59000 r--p 00000000 00:155f 4611686019027979918      /nix/store/4nlgxhb09sdr51nc9hdm8az5b08vzkgx-glibc-2.35-163/lib/libc.so.6
7fa551b59000-7fa551ccf000 r-xp 00028000 00:155f 4611686019027979918      /nix/store/4nlgxhb09sdr51nc9hdm8az5b08vzkgx-glibc-2.35-163/lib/libc.so.6
7fa551ccf000-7fa551d27000 r--p 0019e000 00:155f 4611686019027979918      /nix/store/4nlgxhb09sdr51nc9hdm8az5b08vzkgx-glibc-2.35-163/lib/libc.so.6
7fa551d27000-7fa551d2b000 r--p 001f6000 00:155f 4611686019027979918      /nix/store/4nlgxhb09sdr51nc9hdm8az5b08vzkgx-glibc-2.35-163/lib/libc.so.6
7fa551d2b000-7fa551d2d000 rw-p 001fa000 00:155f 4611686019027979918      /nix/store/4nlgxhb09sdr51nc9hdm8az5b08vzkgx-glibc-2.35-163/lib/libc.so.6
7fa551d2d000-7fa551d3c000 rw-p 00000000 00:00 0 
7fa551d3c000-7fa551d3d000 r--p 00000000 00:155f 4611686019027979923      /nix/store/4nlgxhb09sdr51nc9hdm8az5b08vzkgx-glibc-2.35-163/lib/libdl.so.2
7fa551d3d000-7fa551d3e000 r-xp 00001000 00:155f 4611686019027979923      /nix/store/4nlgxhb09sdr51nc9hdm8az5b08vzkgx-glibc-2.35-163/lib/libdl.so.2
7fa551d3e000-7fa551d3f000 r--p 00002000 00:155f 4611686019027979923      /nix/store/4nlgxhb09sdr51nc9hdm8az5b08vzkgx-glibc-2.35-163/lib/libdl.so.2
7fa551d3f000-7fa551d40000 r--p 00002000 00:155f 4611686019027979923      /nix/store/4nlgxhb09sdr51nc9hdm8az5b08vzkgx-glibc-2.35-163/lib/libdl.so.2
7fa551d40000-7fa551d41000 rw-p 00003000 00:155f 4611686019027979923      /nix/store/4nlgxhb09sdr51nc9hdm8az5b08vzkgx-glibc-2.35-163/lib/libdl.so.2
7fa551d41000-7fa551d42000 r--p 00000000 00:155f 4611686019027979942      /nix/store/4nlgxhb09sdr51nc9hdm8az5b08vzkgx-glibc-2.35-163/lib/libpthread.so.0
7fa551d42000-7fa551d43000 r-xp 00001000 00:155f 4611686019027979942      /nix/store/4nlgxhb09sdr51nc9hdm8az5b08vzkgx-glibc-2.35-163/lib/libpthread.so.0
7fa551d43000-7fa551d44000 r--p 00002000 00:155f 4611686019027979942      /nix/store/4nlgxhb09sdr51nc9hdm8az5b08vzkgx-glibc-2.35-163/lib/libpthread.so.0
7fa551d44000-7fa551d45000 r--p 00002000 00:155f 4611686019027979942      /nix/store/4nlgxhb09sdr51nc9hdm8az5b08vzkgx-glibc-2.35-163/lib/libpthread.so.0
7fa551d45000-7fa551d46000 rw-p 00003000 00:155f 4611686019027979942      /nix/store/4nlgxhb09sdr51nc9hdm8az5b08vzkgx-glibc-2.35-163/lib/libpthread.so.0
7fa551d46000-7fa551d54000 r-xp 00000000 00:155f 4611686019135190033      /nix/store/gpxl5qgg8kicmcvivwmybwjlpf7wh20l-graalvm17-ce-22.3.0/lib/libjli.so
7fa551d54000-7fa551d55000 ---p 0000e000 00:155f 4611686019135190033      /nix/store/gpxl5qgg8kicmcvivwmybwjlpf7wh20l-graalvm17-ce-22.3.0/lib/libjli.so
7fa551d55000-7fa551d56000 r--p 0000e000 00:155f 4611686019135190033      /nix/store/gpxl5qgg8kicmcvivwmybwjlpf7wh20l-graalvm17-ce-22.3.0/lib/libjli.so
7fa551d56000-7fa551d57000 rw-p 0000f000 00:155f 4611686019135190033      /nix/store/gpxl5qgg8kicmcvivwmybwjlpf7wh20l-graalvm17-ce-22.3.0/lib/libjli.so
7fa551d57000-7fa551d58000 rw-p 00012000 00:155f 4611686019135190033      /nix/store/gpxl5qgg8kicmcvivwmybwjlpf7wh20l-graalvm17-ce-22.3.0/lib/libjli.so
7fa551d58000-7fa551d5b000 r--p 00000000 00:155f 4611686019106210071      /nix/store/026hln0aq1hyshaxsdvhg0kmcm6yf45r-zlib-1.2.13/lib/libz.so.1.2.13
7fa551d5b000-7fa551d6d000 r-xp 00003000 00:155f 4611686019106210071      /nix/store/026hln0aq1hyshaxsdvhg0kmcm6yf45r-zlib-1.2.13/lib/libz.so.1.2.13
7fa551d6d000-7fa551d74000 r--p 00015000 00:155f 4611686019106210071      /nix/store/026hln0aq1hyshaxsdvhg0kmcm6yf45r-zlib-1.2.13/lib/libz.so.1.2.13
7fa551d74000-7fa551d75000 r--p 0001b000 00:155f 4611686019106210071      /nix/store/026hln0aq1hyshaxsdvhg0kmcm6yf45r-zlib-1.2.13/lib/libz.so.1.2.13
7fa551d75000-7fa551d76000 rw-p 0001c000 00:155f 4611686019106210071      /nix/store/026hln0aq1hyshaxsdvhg0kmcm6yf45r-zlib-1.2.13/lib/libz.so.1.2.13
7fa551d76000-7fa551d78000 rw-p 00000000 00:00 0 
7fa551d78000-7fa551d7a000 r--p 00000000 00:155f 4611686019027979912      /nix/store/4nlgxhb09sdr51nc9hdm8az5b08vzkgx-glibc-2.35-163/lib/ld-linux-x86-64.so.2
7fa551d7a000-7fa551da1000 r-xp 00002000 00:155f 4611686019027979912      /nix/store/4nlgxhb09sdr51nc9hdm8az5b08vzkgx-glibc-2.35-163/lib/ld-linux-x86-64.so.2
7fa551da1000-7fa551dad000 r--p 00029000 00:155f 4611686019027979912      /nix/store/4nlgxhb09sdr51nc9hdm8az5b08vzkgx-glibc-2.35-163/lib/ld-linux-x86-64.so.2
7fa551dad000-7fa551daf000 r--p 00034000 00:155f 4611686019027979912      /nix/store/4nlgxhb09sdr51nc9hdm8az5b08vzkgx-glibc-2.35-163/lib/ld-linux-x86-64.so.2
7fa551daf000-7fa551db1000 rw-p 00036000 00:155f 4611686019027979912      /nix/store/4nlgxhb09sdr51nc9hdm8az5b08vzkgx-glibc-2.35-163/lib/ld-linux-x86-64.so.2
7ffc26d0a000-7ffc26d2e000 rw-p 00000000 00:00 0                          [stack]
7ffc26d4f000-7ffc26d53000 r--p 00000000 00:00 0                          [vvar]
7ffc26d53000-7ffc26d55000 r-xp 00000000 00:00 0                          [vdso]
ffffffffff600000-ffffffffff601000 --xp 00000000 00:00 0                  [vsyscall]


VM Arguments:
jvm_args: -XX:ThreadPriorityPolicy=1 -XX:+UnlockExperimentalVMOptions -XX:+EnableJVMCIProduct -XX:JVMCIThreadsPerNativeLibraryRuntime=1 -XX:-UnlockExperimentalVMOptions -Declipse.application=org.eclipse.jdt.ls.core.id1 -Dosgi.bundles.defaultStartLevel=4 -Declipse.product=org.eclipse.jdt.ls.core.product -Dlog.level=ALL -Xverify:none -XX:+UseParallelGC -XX:GCTimeRatio=4 -XX:AdaptiveSizePolicyWeight=90 -Dsun.zip.disableMemoryMapping=true -Xmx512m -Xms100m 
java_command: /nix/store/m6gcpi1ii6rghy04cjwjddcavv7i90df-jdt-language-server-1.9.0/share/java/plugins/org.eclipse.equinox.launcher_1.6.400.v20210924-0641.jar --add-modules=ALL-SYSTEM --add-opens java.base/java.util=ALL-UNNAMED --add-opens java.base/java.lang=ALL-UNNAMED -configuration /home/runner/.cache/jdt-language-server/config -data /home/runner/.cache/jdt-language-server/data/home/runner/Java-1
java_class_path (initial): /nix/store/m6gcpi1ii6rghy04cjwjddcavv7i90df-jdt-language-server-1.9.0/share/java/plugins/org.eclipse.equinox.launcher_1.6.400.v20210924-0641.jar
Launcher Type: SUN_STANDARD

[Global flags]
    uintx AdaptiveSizePolicyWeight                 = 90                                        {product} {command line}
     intx CICompilerCount                          = 2                                         {product} {ergonomic}
     bool EnableJVMCIProduct                       = true                                {JVMCI product} {jimage}
    uintx GCTimeRatio                              = 4                                         {product} {command line}
   size_t InitialHeapSize                          = 104857600                                 {product} {command line}
     uint JVMCIThreadsPerNativeLibraryRuntime      = 1                                   {JVMCI product} {jimage}
   size_t MaxHeapSize                              = 536870912                                 {product} {command line}
   size_t MaxNewSize                               = 178782208                                 {product} {ergonomic}
   size_t MinHeapDeltaBytes                        = 524288                                    {product} {ergonomic}
   size_t MinHeapSize                              = 104857600                                 {product} {command line}
   size_t NewSize                                  = 34603008                                  {product} {ergonomic}
    uintx NonNMethodCodeHeapSize                   = 5826188                                {pd product} {ergonomic}
    uintx NonProfiledCodeHeapSize                  = 122916026                              {pd product} {ergonomic}
   size_t OldSize                                  = 70254592                                  {product} {ergonomic}
    uintx ProfiledCodeHeapSize                     = 122916026                              {pd product} {ergonomic}
    uintx ReservedCodeCacheSize                    = 251658240                              {pd product} {ergonomic}
     bool SegmentedCodeCache                       = true                                      {product} {ergonomic}
   size_t SoftMaxHeapSize                          = 536870912                              {manageable} {ergonomic}
     intx ThreadPriorityPolicy                     = 1                                         {product} {jimage}
     bool UseCompressedClassPointers               = true                           {product lp64_product} {ergonomic}
     bool UseCompressedOops                        = true                           {product lp64_product} {ergonomic}
     bool UseParallelGC                            = true                                      {product} {command line}

Logging:
Log output configuration:
 #0: stdout all=warning uptime,level,tags
 #1: stderr all=off uptime,level,tags

Environment Variables:
JAVA_HOME=/nix/store/gpxl5qgg8kicmcvivwmybwjlpf7wh20l-graalvm17-ce-22.3.0
PATH=/nix/store/1d6ian3r8kdzspw8hacjhl3xkp40g1lj-binutils-wrapper-2.39/bin:/nix/store/dq0xwmsk1g0i2ayg6pb7y87na2knzylh-gcc-wrapper-11.3.0/bin:/nix/store/bap4d0lpcrhpwmpb8ayjcgkmvfj62lnq-bash-interactive-5.1-p16/bin:/nix/store/pr5n59mb4jzmfx6kanwxly0l07p861fg-patchelf-0.15.0/bin:/nix/store/1gf2flfqnpqbr1b4p4qz2f72y42bs56r-gcc-11.3.0/bin:/nix/store/57xv61c5zi8pphjbcwxxjlgc34p61ic9-glibc-2.35-163-bin/bin:/nix/store/a7gvj343m05j2s32xcnwr35v31ynlypr-coreutils-9.1/bin:/nix/store/039g378vc3pc3dvi9dzdlrd0i4q93qwf-binutils-2.39/bin:/nix/store/gpxl5qgg8kicmcvivwmybwjlpf7wh20l-graalvm17-ce-22.3.0/bin:/nix/store/6z9ag3ihc8mq2hzsw48lhbznvzny65nz-apache-maven-3.8.6/bin:/nix/store/m6gcpi1ii6rghy04cjwjddcavv7i90df-jdt-language-server-1.9.0/bin:/nix/store/84xs5alhs01zrbr4ywm05kxbjbp5590l-java-debug/bin:/nix/store/mydc6f4k2z73xlcz7ilif3v2lcaiqvza-findutils-4.9.0/bin:/nix/store/j9p3g8472iijd50vhdprx0nmk2fqn5gv-diffutils-3.8/bin:/nix/store/89zs7rms6x00xfq4dq6m7mjnhkr8a6r4-gnused-4.8/bin:/nix/store/86bp03jkmsl6f92w0yzg4s59g5mhxwmy-gnugrep-3.7/bin:/nix/store/hwcdqw4jrjnd37wxqgsd47hd0j8bnj09-gawk-5.1.1/bin:/nix/store/cfbhw8r8ags41vwqaz47r583d0p4h4a1-gnutar-1.34/bin:/nix/store/p3m1ndl1lapwrlh698bnb5lvvxh67378-gzip-1.12/bin:/nix/store/a8mhcagrsly7c7mpjrpsnaahk4aax056-bzip2-1.0.8-bin/bin:/nix/store/mblgz65m3zv9x548a3d5m96fj2pbwr09-gnumake-4.3/bin:/nix/store/dsd5gz46hdbdk2rfdimqddhq6m8m8fqs-bash-5.1-p16/bin:/nix/store/v7ljksji50mg3w61dykaa3n3y79n6nil-patch-2.7.6/bin:/nix/store/zlcnmqq14jz5x9439jf937mvayyl63da-xz-5.2.7-bin/bin:/nix/store/y6aj732zm9m87c82fpvf103a1xb22blp-file-5.43/bin:/nix/store/i4kzir3m7mrisxmf5xvlnkw01x4qaqr4-prybar-elisp-0.0.0-e0d9a52/bin:/nix/store/lwwivxf6h7x3cvxp9zv8sj0mv7dak99r-prybar-lua-0.0.0-e0d9a52/bin:/nix/store/gxj28g1cg4hq3qanmjv07156h800qr58-prybar-python3-0.0.0-e0d9a52/bin:/nix/store/hshkjnxrgidigf8x75vg6lqng2xlx9i3-prybar-sqlite-0.0.0-e0d9a52/bin:/nix/store/c4w01bpjgyy5ixmwdk8m1pw87zq4sl26-prybar-tcl-0.0.0-e0d9a52/bin:/nix/store/hpbvrlwd5viqmvcaisb3x0118i913a9n-st
LD_LIBRARY_PATH=/nix/store/a4pff549sk2idnkpzk5nsfps3mdkdnvm-cups-2.4.2-lib/lib:/nix/store/72mqxxhh3cy5yifh92wh2yb8cl2hikyy-cairo-1.16.0/lib:/nix/store/2k366jrbsra97gjfxwvrhvixjfxdach5-glib-2.74.1/lib:/nix/store/2j2znigd8ak37rlwh9khz0ry3clqlw1l-gtk+3-3.24.34/lib:/nix/store/hisqvx32cd57apbpcsnkpx6k3549wql1-libglvnd-1.4.0/lib:/nix/store/p36pgcv991mq5srvg765b78yqpxvk3qs-mesa-21.3.3-drivers/lib:/nix/store/mav4251if1ahjq5vkpwycyyvnmy459c4-pulseaudio-14.2/lib
DISPLAY=:0
LANG=en_US.UTF-8

Signal Handlers:
   SIGSEGV: crash_handler in libjvm.so, mask=11100100010111111101111111111110, flags=SA_RESTART|SA_SIGINFO
    SIGBUS: crash_handler in libjvm.so, mask=11100100010111111101111111111110, flags=SA_RESTART|SA_SIGINFO
    SIGFPE: crash_handler in libjvm.so, mask=11100100010111111101111111111110, flags=SA_RESTART|SA_SIGINFO
   SIGPIPE: IsolateEnterStub_IgnoreSIGPIPEStartupHook_noopSignalHandler_8f19bff2f35b5f630d83b364d6b2339320d4ec70_216e8361c6bc87a8f89f58cc10d3b2fd4415bf87 in libjvmcicompiler.so, mask=00000000000000000000000000000000, flags=SA_RESTART
  *** Handler was modified!
  *** Expected: javaSignalHandler in libjvm.so, mask=11100100110111111111111111111110, flags=SA_RESTART|SA_SIGINFO
   SIGXFSZ: javaSignalHandler in libjvm.so, mask=11100100010111111101111111111110, flags=SA_RESTART|SA_SIGINFO
    SIGILL: crash_handler in libjvm.so, mask=11100100010111111101111111111110, flags=SA_RESTART|SA_SIGINFO
   SIGUSR2: SR_handler in libjvm.so, mask=00000000000000000000000000000000, flags=SA_RESTART|SA_SIGINFO
    SIGHUP: UserHandler in libjvm.so, mask=11100100010111111101111111111110, flags=SA_RESTART|SA_SIGINFO
    SIGINT: UserHandler in libjvm.so, mask=11100100010111111101111111111110, flags=SA_RESTART|SA_SIGINFO
   SIGTERM: UserHandler in libjvm.so, mask=11100100010111111101111111111110, flags=SA_RESTART|SA_SIGINFO
   SIGQUIT: UserHandler in libjvm.so, mask=11100100010111111101111111111110, flags=SA_RESTART|SA_SIGINFO
  *** Handler was modified!
  *** Expected: javaSignalHandler in libjvm.so, mask=11100100110111111111111111111110, flags=SA_RESTART|SA_SIGINFO
   SIGTRAP: crash_handler in libjvm.so, mask=11100100010111111101111111111110, flags=SA_RESTART|SA_SIGINFO


---------------  S Y S T E M  ---------------

OS:
DISTRIB_ID=Ubuntu
DISTRIB_RELEASE=20.04
DISTRIB_CODENAME=focal
DISTRIB_DESCRIPTION="Ubuntu 20.04.2 LTS"
uname: Linux 5.19.0-1026-gcp #28~22.04.1-Ubuntu SMP Tue Jun 6 07:24:26 UTC 2023 x86_64
OS uptime: 0 days 0:20 hours
libc: glibc 2.35 NPTL 2.35 
rlimit (soft/hard): STACK 8192k/infinity , CORE infinity/infinity , NPROC infinity/infinity , NOFILE 5242/5242 , AS infinity/infinity , CPU infinity/infinity , DATA infinity/infinity , FSIZE infinity/infinity , MEMLOCK 8192k/8192k
load average: 8.15 5.72 3.59

/proc/meminfo:
MemTotal:       65839956 kB
MemFree:        34866220 kB
MemAvailable:   54502464 kB
Buffers:         1194292 kB
Cached:         18070252 kB
SwapCached:            0 kB
Active:          4789664 kB
Inactive:       23439456 kB
Active(anon):      13188 kB
Inactive(anon):  8834700 kB
Active(file):    4776476 kB
Inactive(file): 14604756 kB
Unevictable:       56944 kB
Mlocked:           56944 kB
SwapTotal:             0 kB
SwapFree:              0 kB
Zswap:                 0 kB
Zswapped:              0 kB
Dirty:             14420 kB
Writeback:           904 kB
AnonPages:       8912144 kB
Mapped:          1436252 kB
Shmem:             27204 kB
KReclaimable:     981500 kB
Slab:            1815688 kB
SReclaimable:     981500 kB
SUnreclaim:       834188 kB
KernelStack:      409728 kB
PageTables:       118672 kB
NFS_Unstable:          0 kB
Bounce:                0 kB
WritebackTmp:          0 kB
CommitLimit:    32919976 kB
Committed_AS:   44284116 kB
VmallocTotal:   34359738367 kB
VmallocUsed:      442720 kB
VmallocChunk:          0 kB
Percpu:            38464 kB
HardwareCorrupted:     0 kB
AnonHugePages:    317440 kB
ShmemHugePages:        0 kB
ShmemPmdMapped:        0 kB
FileHugePages:         0 kB
FilePmdMapped:         0 kB
HugePages_Total:       0
HugePages_Free:        0
HugePages_Rsvd:        0
HugePages_Surp:        0
Hugepagesize:       2048 kB
Hugetlb:               0 kB
DirectMap4k:      975672 kB
DirectMap2M:    31526912 kB
DirectMap1G:    36700160 kB

/sys/kernel/mm/transparent_hugepage/enabled: always [madvise] never
/sys/kernel/mm/transparent_hugepage/defrag (defrag/compaction efforts parameter): always defer defer+madvise [madvise] never

Process Memory:
Virtual Size: 4997208K (peak: 5393212K)
Resident Set Size: 746244K (peak: 1131192K) (anon: 548732K, file: 197512K, shmem: 0K)
Swapped out: 0K
C-Heap outstanding allocations: 45162K, retained: 15965K
glibc malloc tunables: (default)

/proc/sys/kernel/threads-max (system-wide limit on the number of threads): 514310
/proc/sys/vm/max_map_count (maximum number of memory map areas a process may have): 65530
/proc/sys/kernel/pid_max (system-wide limit on number of process identifiers): 4194304

container (cgroup) information:
container_type: cgroupv1
cpu_cpuset_cpus: 2-7
cpu_memory_nodes: 0
active_processor_count: 1
cpu_quota: 50000
cpu_period: 100000
cpu_shares: 512
memory_limit_in_bytes: 1048576 k
memory_and_swap_limit_in_bytes: 1048576 k
memory_soft_limit_in_bytes: 524288 k
memory_usage_in_bytes: 602860 k
memory_max_usage_in_bytes: 974620 k
maximum number of tasks: 1000
current number of tasks: 48

KVM virtualization detected
Steal ticks since vm start: 0
Steal ticks percentage since vm start:  0.000

CPU: total 8 (initial active 1) (8 cores per cpu, 2 threads per core) family 23 model 49 stepping 0 microcode 0xffffffff, cx8, cmov, fxsr, ht, mmx, 3dnowpref, sse, sse2, sse3, ssse3, sse4a, sse4.1, sse4.2, popcnt, lzcnt, tsc, tscinvbit, avx, avx2, aes, clmul, bmi1, bmi2, adx, sha, fma, vzeroupper, clflush, clflushopt, hv
CPU Model and flags from /proc/cpuinfo:
model name	: AMD EPYC 7B12
flags		: fpu vme de pse tsc msr pae mce cx8 apic sep mtrr pge mca cmov pat pse36 clflush mmx fxsr sse sse2 ht syscall nx mmxext fxsr_opt pdpe1gb rdtscp lm constant_tsc rep_good nopl nonstop_tsc cpuid extd_apicid tsc_known_freq pni pclmulqdq ssse3 fma cx16 sse4_1 sse4_2 movbe popcnt aes xsave avx f16c rdrand hypervisor lahf_lm cmp_legacy cr8_legacy abm sse4a misalignsse 3dnowprefetch osvw topoext ssbd ibrs ibpb stibp vmmcall fsgsbase tsc_adjust bmi1 avx2 smep bmi2 rdseed adx smap clflushopt clwb sha_ni xsaveopt xsavec xgetbv1 clzero xsaveerptr arat npt nrip_save umip rdpid

Online cpus: 0-7
Offline cpus: 
BIOS frequency limitation: <Not Available>
Frequency switch latency (ns): <Not Available>
Available cpu frequencies: <Not Available>
Current governor: <Not Available>
Core performance/turbo boost: <Not Available>

Memory: 4k page, physical 1048576k(446100k free), swap 0k(0k free)
Page Sizes: 4k

vm_info: OpenJDK 64-Bit Server VM (17.0.5+8-jvmci-22.3-b08) for linux-amd64 JRE (17.0.5+8-jvmci-22.3-b08), built on Oct 19 2022 09:01:27 by "buildslave" with gcc 10.3.0

END.
